15:41:38.751 [restartedMain] INFO  com.yunfei.toolmaker.ToolMakerApplication - Starting ToolMakerApplication using Java 1.8.0_381 on LAPTOP-RF57B291 with PID 16088 (E:\onedrive-cache\OneDrive\Java学习\ToolMaker\target\classes started by 13615 in E:\onedrive-cache\OneDrive\Java学习\ToolMaker)
15:41:38.770 [restartedMain] INFO  com.yunfei.toolmaker.ToolMakerApplication - No active profile set, falling back to default profiles: default
15:41:40.204 [restartedMain] INFO  org.apache.coyote.http11.Http11NioProtocol - Initializing ProtocolHandler ["http-nio-8080"]
15:41:40.205 [restartedMain] INFO  org.apache.catalina.core.StandardService - Starting service [Tomcat]
15:41:40.205 [restartedMain] INFO  org.apache.catalina.core.StandardEngine - Starting Servlet engine: [Apache Tomcat/9.0.53]
15:41:40.423 [restartedMain] INFO  org.apache.catalina.core.ContainerBase.[Tomcat].[localhost].[/] - Initializing Spring embedded WebApplicationContext
15:41:41.803 [pool-2-thread-1] INFO  com.yunfei.toolmaker.service.impl.TimedMsgServiceImpl - the key doesn't exist.
15:41:42.184 [restartedMain] INFO  org.apache.coyote.http11.Http11NioProtocol - Starting ProtocolHandler ["http-nio-8080"]
15:41:42.342 [restartedMain] INFO  com.yunfei.toolmaker.ToolMakerApplication - Started ToolMakerApplication in 4.135 seconds (JVM running for 5.892)
15:41:46.830 [pool-2-thread-1] INFO  com.yunfei.toolmaker.service.impl.TimedMsgServiceImpl - the key doesn't exist.
15:41:51.785 [pool-2-thread-1] INFO  com.yunfei.toolmaker.service.impl.TimedMsgServiceImpl - the key doesn't exist.
15:41:56.848 [pool-2-thread-1] INFO  com.yunfei.toolmaker.service.impl.TimedMsgServiceImpl - the key doesn't exist.
15:42:02.034 [pool-2-thread-1] INFO  com.yunfei.toolmaker.service.impl.TimedMsgServiceImpl - the key doesn't exist.
15:42:04.534 [http-nio-8080-exec-1] INFO  org.apache.catalina.core.ContainerBase.[Tomcat].[localhost].[/] - Initializing Spring DispatcherServlet 'dispatcherServlet'
15:42:06.741 [pool-2-thread-1] INFO  com.yunfei.toolmaker.service.impl.TimedMsgServiceImpl - the key doesn't exist.
15:42:11.763 [pool-2-thread-1] INFO  com.yunfei.toolmaker.service.impl.TimedMsgServiceImpl - the key doesn't exist.
15:42:16.742 [pool-2-thread-1] INFO  com.yunfei.toolmaker.service.impl.TimedMsgServiceImpl - the key doesn't exist.
15:42:21.782 [pool-2-thread-1] INFO  com.yunfei.toolmaker.service.impl.TimedMsgServiceImpl - the key doesn't exist.
15:42:26.814 [pool-2-thread-1] INFO  com.yunfei.toolmaker.service.impl.TimedMsgServiceImpl - the key doesn't exist.
15:42:31.729 [pool-2-thread-1] INFO  com.yunfei.toolmaker.service.impl.TimedMsgServiceImpl - the key doesn't exist.
15:42:36.826 [pool-2-thread-1] INFO  com.yunfei.toolmaker.service.impl.TimedMsgServiceImpl - the key doesn't exist.
15:42:41.798 [pool-2-thread-1] INFO  com.yunfei.toolmaker.service.impl.TimedMsgServiceImpl - the key doesn't exist.
15:42:46.820 [pool-2-thread-1] INFO  com.yunfei.toolmaker.service.impl.TimedMsgServiceImpl - the key doesn't exist.
15:42:51.869 [pool-2-thread-1] INFO  com.yunfei.toolmaker.service.impl.TimedMsgServiceImpl - the key doesn't exist.
15:42:56.834 [pool-2-thread-1] INFO  com.yunfei.toolmaker.service.impl.TimedMsgServiceImpl - the key doesn't exist.
15:43:01.782 [pool-2-thread-1] INFO  com.yunfei.toolmaker.service.impl.TimedMsgServiceImpl - the key doesn't exist.
15:43:06.819 [pool-2-thread-1] INFO  com.yunfei.toolmaker.service.impl.TimedMsgServiceImpl - the key doesn't exist.
15:43:11.726 [pool-2-thread-1] INFO  com.yunfei.toolmaker.service.impl.TimedMsgServiceImpl - the key doesn't exist.
15:43:16.805 [pool-2-thread-1] INFO  com.yunfei.toolmaker.service.impl.TimedMsgServiceImpl - the key doesn't exist.
15:43:21.796 [pool-2-thread-1] INFO  com.yunfei.toolmaker.service.impl.TimedMsgServiceImpl - the key doesn't exist.
15:43:26.846 [pool-2-thread-1] INFO  com.yunfei.toolmaker.service.impl.TimedMsgServiceImpl - the key doesn't exist.
15:43:31.786 [pool-2-thread-1] INFO  com.yunfei.toolmaker.service.impl.TimedMsgServiceImpl - the key doesn't exist.
15:43:36.850 [pool-2-thread-1] INFO  com.yunfei.toolmaker.service.impl.TimedMsgServiceImpl - the key doesn't exist.
15:43:41.816 [pool-2-thread-1] INFO  com.yunfei.toolmaker.service.impl.TimedMsgServiceImpl - the key doesn't exist.
15:43:46.878 [pool-2-thread-1] INFO  com.yunfei.toolmaker.service.impl.TimedMsgServiceImpl - the key doesn't exist.
15:43:53.184 [pool-2-thread-1] INFO  com.yunfei.toolmaker.service.impl.TimedMsgServiceImpl - the key doesn't exist.
15:43:56.962 [pool-2-thread-1] INFO  com.yunfei.toolmaker.service.impl.TimedMsgServiceImpl - the key doesn't exist.
15:44:01.775 [pool-2-thread-1] INFO  com.yunfei.toolmaker.service.impl.TimedMsgServiceImpl - the key doesn't exist.
15:44:06.828 [pool-2-thread-1] INFO  com.yunfei.toolmaker.service.impl.TimedMsgServiceImpl - the key doesn't exist.
15:44:11.776 [pool-2-thread-1] INFO  com.yunfei.toolmaker.service.impl.TimedMsgServiceImpl - the key doesn't exist.
15:44:16.824 [pool-2-thread-1] INFO  com.yunfei.toolmaker.service.impl.TimedMsgServiceImpl - the key doesn't exist.
15:44:21.808 [pool-2-thread-1] INFO  com.yunfei.toolmaker.service.impl.TimedMsgServiceImpl - the key doesn't exist.
15:44:26.817 [pool-2-thread-1] INFO  com.yunfei.toolmaker.service.impl.TimedMsgServiceImpl - the key doesn't exist.
15:44:31.776 [pool-2-thread-1] INFO  com.yunfei.toolmaker.service.impl.TimedMsgServiceImpl - the key doesn't exist.
15:44:36.796 [pool-2-thread-1] INFO  com.yunfei.toolmaker.service.impl.TimedMsgServiceImpl - the key doesn't exist.
15:44:41.876 [pool-2-thread-1] INFO  com.yunfei.toolmaker.service.impl.TimedMsgServiceImpl - the key doesn't exist.
15:44:46.756 [pool-2-thread-1] INFO  com.yunfei.toolmaker.service.impl.TimedMsgServiceImpl - the key doesn't exist.
15:44:51.910 [pool-2-thread-1] INFO  com.yunfei.toolmaker.service.impl.TimedMsgServiceImpl - the key doesn't exist.
15:44:56.834 [pool-2-thread-1] INFO  com.yunfei.toolmaker.service.impl.TimedMsgServiceImpl - the key doesn't exist.
15:45:01.774 [pool-2-thread-1] INFO  com.yunfei.toolmaker.service.impl.TimedMsgServiceImpl - the key doesn't exist.
15:45:06.839 [pool-2-thread-1] INFO  com.yunfei.toolmaker.service.impl.TimedMsgServiceImpl - the key doesn't exist.
15:45:11.775 [pool-2-thread-1] INFO  com.yunfei.toolmaker.service.impl.TimedMsgServiceImpl - the key doesn't exist.
15:45:16.821 [pool-2-thread-1] INFO  com.yunfei.toolmaker.service.impl.TimedMsgServiceImpl - the key doesn't exist.
15:45:21.996 [pool-2-thread-1] INFO  com.yunfei.toolmaker.service.impl.TimedMsgServiceImpl - the key doesn't exist.
15:45:26.736 [pool-2-thread-1] INFO  com.yunfei.toolmaker.service.impl.TimedMsgServiceImpl - the key doesn't exist.
15:45:31.858 [pool-2-thread-1] INFO  com.yunfei.toolmaker.service.impl.TimedMsgServiceImpl - the key doesn't exist.
15:45:36.812 [pool-2-thread-1] INFO  com.yunfei.toolmaker.service.impl.TimedMsgServiceImpl - the key doesn't exist.
15:45:41.785 [pool-2-thread-1] INFO  com.yunfei.toolmaker.service.impl.TimedMsgServiceImpl - the key doesn't exist.
15:45:46.726 [pool-2-thread-1] INFO  com.yunfei.toolmaker.service.impl.TimedMsgServiceImpl - the key doesn't exist.
15:45:51.777 [pool-2-thread-1] INFO  com.yunfei.toolmaker.service.impl.TimedMsgServiceImpl - the key doesn't exist.
15:45:56.822 [pool-2-thread-1] INFO  com.yunfei.toolmaker.service.impl.TimedMsgServiceImpl - the key doesn't exist.
15:46:01.784 [pool-2-thread-1] INFO  com.yunfei.toolmaker.service.impl.TimedMsgServiceImpl - the key doesn't exist.
15:46:06.855 [pool-2-thread-1] INFO  com.yunfei.toolmaker.service.impl.TimedMsgServiceImpl - the key doesn't exist.
15:46:11.774 [pool-2-thread-1] INFO  com.yunfei.toolmaker.service.impl.TimedMsgServiceImpl - the key doesn't exist.
15:46:16.836 [pool-2-thread-1] INFO  com.yunfei.toolmaker.service.impl.TimedMsgServiceImpl - the key doesn't exist.
15:46:21.774 [pool-2-thread-1] INFO  com.yunfei.toolmaker.service.impl.TimedMsgServiceImpl - the key doesn't exist.
15:46:26.755 [pool-2-thread-1] INFO  com.yunfei.toolmaker.service.impl.TimedMsgServiceImpl - the key doesn't exist.
15:46:31.861 [pool-2-thread-1] INFO  com.yunfei.toolmaker.service.impl.TimedMsgServiceImpl - the key doesn't exist.
15:46:36.792 [pool-2-thread-1] INFO  com.yunfei.toolmaker.service.impl.TimedMsgServiceImpl - the key doesn't exist.
15:46:41.816 [pool-2-thread-1] INFO  com.yunfei.toolmaker.service.impl.TimedMsgServiceImpl - the key doesn't exist.
15:46:46.815 [pool-2-thread-1] INFO  com.yunfei.toolmaker.service.impl.TimedMsgServiceImpl - the key doesn't exist.
15:46:51.758 [pool-2-thread-1] INFO  com.yunfei.toolmaker.service.impl.TimedMsgServiceImpl - the key doesn't exist.
15:46:56.905 [pool-2-thread-1] INFO  com.yunfei.toolmaker.service.impl.TimedMsgServiceImpl - the key doesn't exist.
15:47:01.780 [pool-2-thread-1] INFO  com.yunfei.toolmaker.service.impl.TimedMsgServiceImpl - the key doesn't exist.
15:47:06.737 [pool-2-thread-1] INFO  com.yunfei.toolmaker.service.impl.TimedMsgServiceImpl - the key doesn't exist.
15:47:11.773 [pool-2-thread-1] INFO  com.yunfei.toolmaker.service.impl.TimedMsgServiceImpl - the key doesn't exist.
15:47:16.826 [pool-2-thread-1] INFO  com.yunfei.toolmaker.service.impl.TimedMsgServiceImpl - the key doesn't exist.
15:47:21.731 [pool-2-thread-1] INFO  com.yunfei.toolmaker.service.impl.TimedMsgServiceImpl - the key doesn't exist.
15:47:26.835 [pool-2-thread-1] INFO  com.yunfei.toolmaker.service.impl.TimedMsgServiceImpl - the key doesn't exist.
15:47:31.908 [pool-2-thread-1] INFO  com.yunfei.toolmaker.service.impl.TimedMsgServiceImpl - the key doesn't exist.
15:47:36.734 [pool-2-thread-1] INFO  com.yunfei.toolmaker.service.impl.TimedMsgServiceImpl - the key doesn't exist.
15:47:41.828 [pool-2-thread-1] INFO  com.yunfei.toolmaker.service.impl.TimedMsgServiceImpl - the key doesn't exist.
15:47:46.816 [pool-2-thread-1] INFO  com.yunfei.toolmaker.service.impl.TimedMsgServiceImpl - the key doesn't exist.
15:47:51.763 [pool-2-thread-1] INFO  com.yunfei.toolmaker.service.impl.TimedMsgServiceImpl - the key doesn't exist.
15:47:56.821 [pool-2-thread-1] INFO  com.yunfei.toolmaker.service.impl.TimedMsgServiceImpl - the key doesn't exist.
15:48:01.899 [pool-2-thread-1] INFO  com.yunfei.toolmaker.service.impl.TimedMsgServiceImpl - the key doesn't exist.
15:48:06.818 [pool-2-thread-1] INFO  com.yunfei.toolmaker.service.impl.TimedMsgServiceImpl - the key doesn't exist.
15:48:11.837 [pool-2-thread-1] INFO  com.yunfei.toolmaker.service.impl.TimedMsgServiceImpl - the key doesn't exist.
15:48:16.816 [pool-2-thread-1] INFO  com.yunfei.toolmaker.service.impl.TimedMsgServiceImpl - the key doesn't exist.
15:48:21.775 [pool-2-thread-1] INFO  com.yunfei.toolmaker.service.impl.TimedMsgServiceImpl - the key doesn't exist.
15:48:26.811 [pool-2-thread-1] INFO  com.yunfei.toolmaker.service.impl.TimedMsgServiceImpl - the key doesn't exist.
15:48:31.762 [pool-2-thread-1] INFO  com.yunfei.toolmaker.service.impl.TimedMsgServiceImpl - the key doesn't exist.
15:48:36.875 [pool-2-thread-1] INFO  com.yunfei.toolmaker.service.impl.TimedMsgServiceImpl - the key doesn't exist.
15:48:41.767 [pool-2-thread-1] INFO  com.yunfei.toolmaker.service.impl.TimedMsgServiceImpl - the key doesn't exist.
15:48:46.819 [pool-2-thread-1] INFO  com.yunfei.toolmaker.service.impl.TimedMsgServiceImpl - the key doesn't exist.
15:48:51.788 [pool-2-thread-1] INFO  com.yunfei.toolmaker.service.impl.TimedMsgServiceImpl - the key doesn't exist.
15:48:56.821 [pool-2-thread-1] INFO  com.yunfei.toolmaker.service.impl.TimedMsgServiceImpl - the key doesn't exist.
15:49:01.773 [pool-2-thread-1] INFO  com.yunfei.toolmaker.service.impl.TimedMsgServiceImpl - the key doesn't exist.
15:49:06.820 [pool-2-thread-1] INFO  com.yunfei.toolmaker.service.impl.TimedMsgServiceImpl - the key doesn't exist.
15:49:11.776 [pool-2-thread-1] INFO  com.yunfei.toolmaker.service.impl.TimedMsgServiceImpl - the key doesn't exist.
15:49:16.822 [pool-2-thread-1] INFO  com.yunfei.toolmaker.service.impl.TimedMsgServiceImpl - the key doesn't exist.
15:49:21.773 [pool-2-thread-1] INFO  com.yunfei.toolmaker.service.impl.TimedMsgServiceImpl - the key doesn't exist.
15:49:26.867 [pool-2-thread-1] INFO  com.yunfei.toolmaker.service.impl.TimedMsgServiceImpl - the key doesn't exist.
15:49:31.771 [pool-2-thread-1] INFO  com.yunfei.toolmaker.service.impl.TimedMsgServiceImpl - the key doesn't exist.
15:49:36.813 [pool-2-thread-1] INFO  com.yunfei.toolmaker.service.impl.TimedMsgServiceImpl - the key doesn't exist.
15:49:41.955 [pool-2-thread-1] INFO  com.yunfei.toolmaker.service.impl.TimedMsgServiceImpl - the key doesn't exist.
15:49:46.820 [pool-2-thread-1] INFO  com.yunfei.toolmaker.service.impl.TimedMsgServiceImpl - the key doesn't exist.
15:49:51.794 [pool-2-thread-1] INFO  com.yunfei.toolmaker.service.impl.TimedMsgServiceImpl - the key doesn't exist.
15:49:56.910 [pool-2-thread-1] INFO  com.yunfei.toolmaker.service.impl.TimedMsgServiceImpl - the key doesn't exist.
15:50:01.854 [pool-2-thread-1] INFO  com.yunfei.toolmaker.service.impl.TimedMsgServiceImpl - the key doesn't exist.
15:50:06.827 [pool-2-thread-1] INFO  com.yunfei.toolmaker.service.impl.TimedMsgServiceImpl - the key doesn't exist.
15:50:11.854 [pool-2-thread-1] INFO  com.yunfei.toolmaker.service.impl.TimedMsgServiceImpl - the key doesn't exist.
15:50:16.847 [pool-2-thread-1] INFO  com.yunfei.toolmaker.service.impl.TimedMsgServiceImpl - the key doesn't exist.
15:50:21.783 [pool-2-thread-1] INFO  com.yunfei.toolmaker.service.impl.TimedMsgServiceImpl - the key doesn't exist.
15:50:26.824 [pool-2-thread-1] INFO  com.yunfei.toolmaker.service.impl.TimedMsgServiceImpl - the key doesn't exist.
15:50:31.854 [pool-2-thread-1] INFO  com.yunfei.toolmaker.service.impl.TimedMsgServiceImpl - the key doesn't exist.
15:50:36.820 [pool-2-thread-1] INFO  com.yunfei.toolmaker.service.impl.TimedMsgServiceImpl - the key doesn't exist.
15:50:41.867 [pool-2-thread-1] INFO  com.yunfei.toolmaker.service.impl.TimedMsgServiceImpl - the key doesn't exist.
15:50:46.743 [pool-2-thread-1] INFO  com.yunfei.toolmaker.service.impl.TimedMsgServiceImpl - the key doesn't exist.
15:50:52.197 [pool-2-thread-1] INFO  com.yunfei.toolmaker.service.impl.TimedMsgServiceImpl - the key doesn't exist.
15:50:56.740 [pool-2-thread-1] INFO  com.yunfei.toolmaker.service.impl.TimedMsgServiceImpl - the key doesn't exist.
15:51:01.821 [pool-2-thread-1] INFO  com.yunfei.toolmaker.service.impl.TimedMsgServiceImpl - the key doesn't exist.
15:51:06.855 [pool-2-thread-1] INFO  com.yunfei.toolmaker.service.impl.TimedMsgServiceImpl - the key doesn't exist.
15:51:11.761 [pool-2-thread-1] INFO  com.yunfei.toolmaker.service.impl.TimedMsgServiceImpl - the key doesn't exist.
15:51:16.745 [pool-2-thread-1] INFO  com.yunfei.toolmaker.service.impl.TimedMsgServiceImpl - the key doesn't exist.
15:51:21.784 [pool-2-thread-1] INFO  com.yunfei.toolmaker.service.impl.TimedMsgServiceImpl - the key doesn't exist.
15:51:26.820 [pool-2-thread-1] INFO  com.yunfei.toolmaker.service.impl.TimedMsgServiceImpl - the key doesn't exist.
15:51:31.858 [pool-2-thread-1] INFO  com.yunfei.toolmaker.service.impl.TimedMsgServiceImpl - the key doesn't exist.
15:51:38.098 [pool-2-thread-1] INFO  com.yunfei.toolmaker.service.impl.TimedMsgServiceImpl - the key doesn't exist.
15:51:41.737 [pool-2-thread-1] INFO  com.yunfei.toolmaker.service.impl.TimedMsgServiceImpl - the key doesn't exist.
15:51:47.623 [pool-2-thread-1] INFO  com.yunfei.toolmaker.service.impl.TimedMsgServiceImpl - the key doesn't exist.
15:51:51.758 [pool-2-thread-1] INFO  com.yunfei.toolmaker.service.impl.TimedMsgServiceImpl - the key doesn't exist.
15:51:56.760 [pool-2-thread-1] INFO  com.yunfei.toolmaker.service.impl.TimedMsgServiceImpl - the key doesn't exist.
15:52:03.323 [pool-2-thread-1] INFO  com.yunfei.toolmaker.service.impl.TimedMsgServiceImpl - the key doesn't exist.
15:52:06.721 [pool-2-thread-1] INFO  com.yunfei.toolmaker.service.impl.TimedMsgServiceImpl - the key doesn't exist.
15:52:11.806 [pool-2-thread-1] INFO  com.yunfei.toolmaker.service.impl.TimedMsgServiceImpl - the key doesn't exist.
15:52:16.803 [pool-2-thread-1] INFO  com.yunfei.toolmaker.service.impl.TimedMsgServiceImpl - the key doesn't exist.
15:52:21.804 [pool-2-thread-1] INFO  com.yunfei.toolmaker.service.impl.TimedMsgServiceImpl - the key doesn't exist.
15:52:26.736 [pool-2-thread-1] INFO  com.yunfei.toolmaker.service.impl.TimedMsgServiceImpl - the key doesn't exist.
15:52:31.794 [pool-2-thread-1] INFO  com.yunfei.toolmaker.service.impl.TimedMsgServiceImpl - the key doesn't exist.
15:52:37.022 [pool-2-thread-1] INFO  com.yunfei.toolmaker.service.impl.TimedMsgServiceImpl - the key doesn't exist.
15:52:41.792 [pool-2-thread-1] INFO  com.yunfei.toolmaker.service.impl.TimedMsgServiceImpl - the key doesn't exist.
15:52:46.788 [pool-2-thread-1] INFO  com.yunfei.toolmaker.service.impl.TimedMsgServiceImpl - the key doesn't exist.
15:52:51.784 [pool-2-thread-1] INFO  com.yunfei.toolmaker.service.impl.TimedMsgServiceImpl - the key doesn't exist.
15:52:56.761 [pool-2-thread-1] INFO  com.yunfei.toolmaker.service.impl.TimedMsgServiceImpl - the key doesn't exist.
15:53:01.765 [pool-2-thread-1] INFO  com.yunfei.toolmaker.service.impl.TimedMsgServiceImpl - the key doesn't exist.
15:53:06.802 [pool-2-thread-1] INFO  com.yunfei.toolmaker.service.impl.TimedMsgServiceImpl - the key doesn't exist.
15:53:11.773 [pool-2-thread-1] INFO  com.yunfei.toolmaker.service.impl.TimedMsgServiceImpl - the key doesn't exist.
15:53:16.762 [pool-2-thread-1] INFO  com.yunfei.toolmaker.service.impl.TimedMsgServiceImpl - the key doesn't exist.
15:53:21.822 [pool-2-thread-1] INFO  com.yunfei.toolmaker.service.impl.TimedMsgServiceImpl - the key doesn't exist.
15:53:26.796 [pool-2-thread-1] INFO  com.yunfei.toolmaker.service.impl.TimedMsgServiceImpl - the key doesn't exist.
15:53:31.786 [pool-2-thread-1] INFO  com.yunfei.toolmaker.service.impl.TimedMsgServiceImpl - the key doesn't exist.
15:53:36.805 [pool-2-thread-1] INFO  com.yunfei.toolmaker.service.impl.TimedMsgServiceImpl - the key doesn't exist.
15:53:41.810 [pool-2-thread-1] INFO  com.yunfei.toolmaker.service.impl.TimedMsgServiceImpl - the key doesn't exist.
15:53:46.734 [pool-2-thread-1] INFO  com.yunfei.toolmaker.service.impl.TimedMsgServiceImpl - the key doesn't exist.
15:53:51.796 [pool-2-thread-1] INFO  com.yunfei.toolmaker.service.impl.TimedMsgServiceImpl - the key doesn't exist.
15:53:56.769 [pool-2-thread-1] INFO  com.yunfei.toolmaker.service.impl.TimedMsgServiceImpl - the key doesn't exist.
15:54:01.801 [pool-2-thread-1] INFO  com.yunfei.toolmaker.service.impl.TimedMsgServiceImpl - the key doesn't exist.
15:54:06.812 [pool-2-thread-1] INFO  com.yunfei.toolmaker.service.impl.TimedMsgServiceImpl - the key doesn't exist.
15:54:11.852 [pool-2-thread-1] INFO  com.yunfei.toolmaker.service.impl.TimedMsgServiceImpl - the key doesn't exist.
15:54:16.799 [pool-2-thread-1] INFO  com.yunfei.toolmaker.service.impl.TimedMsgServiceImpl - the key doesn't exist.
15:54:21.785 [pool-2-thread-1] INFO  com.yunfei.toolmaker.service.impl.TimedMsgServiceImpl - the key doesn't exist.
15:54:34.225 [pool-2-thread-1] INFO  com.yunfei.toolmaker.service.impl.TimedMsgServiceImpl - the key doesn't exist.
15:54:34.290 [pool-2-thread-1] INFO  com.yunfei.toolmaker.service.impl.TimedMsgServiceImpl - the key doesn't exist.
15:54:34.351 [http-nio-8080-exec-6] INFO  com.zaxxer.hikari.HikariDataSource - HikariPool-1 - Starting...
15:54:34.355 [http-nio-8080-exec-6] WARN  com.zaxxer.hikari.util.DriverDataSource - Registered driver with driverClassName=com.mysql.jdbc.Driver was not found, trying direct instantiation.
15:54:36.786 [pool-2-thread-1] INFO  com.yunfei.toolmaker.service.impl.TimedMsgServiceImpl - the key doesn't exist.
15:54:39.829 [http-nio-8080-exec-6] INFO  com.zaxxer.hikari.HikariDataSource - HikariPool-1 - Start completed.
15:54:42.760 [pool-2-thread-1] INFO  com.yunfei.toolmaker.service.impl.TimedMsgServiceImpl - the key doesn't exist.
15:54:46.772 [pool-2-thread-1] INFO  com.yunfei.toolmaker.service.impl.TimedMsgServiceImpl - the key doesn't exist.
15:54:51.791 [pool-2-thread-1] INFO  com.yunfei.toolmaker.service.impl.TimedMsgServiceImpl - the key doesn't exist.
15:54:56.743 [pool-2-thread-1] INFO  com.yunfei.toolmaker.service.impl.TimedMsgServiceImpl - the key doesn't exist.
15:55:01.785 [pool-2-thread-1] INFO  com.yunfei.toolmaker.service.impl.TimedMsgServiceImpl - the key doesn't exist.
15:55:07.570 [pool-2-thread-1] INFO  com.yunfei.toolmaker.service.impl.TimedMsgServiceImpl - the key doesn't exist.
15:55:11.756 [pool-2-thread-1] INFO  com.yunfei.toolmaker.service.impl.TimedMsgServiceImpl - the key doesn't exist.
15:56:30.927 [SpringApplicationShutdownHook] INFO  com.zaxxer.hikari.HikariDataSource - HikariPool-1 - Shutdown initiated...
15:56:30.943 [SpringApplicationShutdownHook] INFO  com.zaxxer.hikari.HikariDataSource - HikariPool-1 - Shutdown completed.
15:58:58.093 [restartedMain] INFO  com.yunfei.toolmaker.ToolMakerApplication - Starting ToolMakerApplication using Java 1.8.0_381 on LAPTOP-RF57B291 with PID 1012 (E:\onedrive-cache\OneDrive\Java学习\ToolMaker\target\classes started by 13615 in E:\onedrive-cache\OneDrive\Java学习\ToolMaker)
15:58:58.100 [restartedMain] INFO  com.yunfei.toolmaker.ToolMakerApplication - No active profile set, falling back to default profiles: default
15:58:59.179 [restartedMain] INFO  org.apache.coyote.http11.Http11NioProtocol - Initializing ProtocolHandler ["http-nio-8080"]
15:58:59.180 [restartedMain] INFO  org.apache.catalina.core.StandardService - Starting service [Tomcat]
15:58:59.180 [restartedMain] INFO  org.apache.catalina.core.StandardEngine - Starting Servlet engine: [Apache Tomcat/9.0.53]
15:58:59.287 [restartedMain] INFO  org.apache.catalina.core.ContainerBase.[Tomcat].[localhost].[/] - Initializing Spring embedded WebApplicationContext
15:59:00.424 [pool-2-thread-1] INFO  com.yunfei.toolmaker.service.impl.TimedMsgServiceImpl - the key doesn't exist.
15:59:00.673 [restartedMain] INFO  org.apache.coyote.http11.Http11NioProtocol - Starting ProtocolHandler ["http-nio-8080"]
15:59:00.780 [restartedMain] INFO  com.yunfei.toolmaker.ToolMakerApplication - Started ToolMakerApplication in 3.1 seconds (JVM running for 4.386)
15:59:05.360 [pool-2-thread-1] INFO  com.yunfei.toolmaker.service.impl.TimedMsgServiceImpl - the key doesn't exist.
15:59:10.414 [pool-2-thread-1] INFO  com.yunfei.toolmaker.service.impl.TimedMsgServiceImpl - the key doesn't exist.
15:59:10.922 [http-nio-8080-exec-1] INFO  org.apache.catalina.core.ContainerBase.[Tomcat].[localhost].[/] - Initializing Spring DispatcherServlet 'dispatcherServlet'
15:59:10.995 [http-nio-8080-exec-1] INFO  com.zaxxer.hikari.HikariDataSource - HikariPool-1 - Starting...
15:59:10.996 [http-nio-8080-exec-1] WARN  com.zaxxer.hikari.util.DriverDataSource - Registered driver with driverClassName=com.mysql.jdbc.Driver was not found, trying direct instantiation.
15:59:11.853 [http-nio-8080-exec-1] INFO  com.zaxxer.hikari.HikariDataSource - HikariPool-1 - Start completed.
15:59:15.449 [pool-2-thread-1] INFO  com.yunfei.toolmaker.service.impl.TimedMsgServiceImpl - the key doesn't exist.
15:59:20.313 [pool-2-thread-1] INFO  com.yunfei.toolmaker.service.impl.TimedMsgServiceImpl - the key doesn't exist.
15:59:25.360 [pool-2-thread-1] INFO  com.yunfei.toolmaker.service.impl.TimedMsgServiceImpl - the key doesn't exist.
15:59:30.331 [pool-2-thread-1] INFO  com.yunfei.toolmaker.service.impl.TimedMsgServiceImpl - the key doesn't exist.
15:59:35.330 [pool-2-thread-1] INFO  com.yunfei.toolmaker.service.impl.TimedMsgServiceImpl - the key doesn't exist.
15:59:40.306 [pool-2-thread-1] INFO  com.yunfei.toolmaker.service.impl.TimedMsgServiceImpl - the key doesn't exist.
15:59:45.333 [pool-2-thread-1] INFO  com.yunfei.toolmaker.service.impl.TimedMsgServiceImpl - the key doesn't exist.
15:59:50.416 [pool-2-thread-1] INFO  com.yunfei.toolmaker.service.impl.TimedMsgServiceImpl - the key doesn't exist.
16:07:19.725 [SpringApplicationShutdownHook] INFO  com.zaxxer.hikari.HikariDataSource - HikariPool-1 - Shutdown initiated...
16:07:19.733 [SpringApplicationShutdownHook] INFO  com.zaxxer.hikari.HikariDataSource - HikariPool-1 - Shutdown completed.
16:40:13.504 [main] INFO  com.yunfei.toolmaker.ToolMakerApplicationTests - Starting ToolMakerApplicationTests using Java 1.8.0_381 on LAPTOP-RF57B291 with PID 16164 (started by 13615 in E:\onedrive-cache\OneDrive\Java学习\ToolMaker)
16:40:13.517 [main] INFO  com.yunfei.toolmaker.ToolMakerApplicationTests - No active profile set, falling back to default profiles: default
16:40:17.073 [pool-2-thread-1] INFO  com.yunfei.toolmaker.service.impl.TimedMsgServiceImpl - the key doesn't exist.
16:42:57.462 [main] INFO  com.yunfei.toolmaker.ToolMakerApplicationTests - Starting ToolMakerApplicationTests using Java 1.8.0_381 on LAPTOP-RF57B291 with PID 9816 (started by 13615 in E:\onedrive-cache\OneDrive\Java学习\ToolMaker)
16:42:57.474 [main] INFO  com.yunfei.toolmaker.ToolMakerApplicationTests - No active profile set, falling back to default profiles: default
16:43:00.878 [pool-2-thread-1] INFO  com.yunfei.toolmaker.service.impl.TimedMsgServiceImpl - the key doesn't exist.
16:43:23.338 [main] INFO  com.yunfei.toolmaker.ToolMakerApplicationTests - Starting ToolMakerApplicationTests using Java 1.8.0_381 on LAPTOP-RF57B291 with PID 13652 (started by 13615 in E:\onedrive-cache\OneDrive\Java学习\ToolMaker)
16:43:23.351 [main] INFO  com.yunfei.toolmaker.ToolMakerApplicationTests - No active profile set, falling back to default profiles: default
16:43:26.678 [pool-2-thread-1] INFO  com.yunfei.toolmaker.service.impl.TimedMsgServiceImpl - the key doesn't exist.
16:43:47.232 [main] INFO  com.yunfei.toolmaker.ToolMakerApplicationTests - Starting ToolMakerApplicationTests using Java 1.8.0_381 on LAPTOP-RF57B291 with PID 23728 (started by 13615 in E:\onedrive-cache\OneDrive\Java学习\ToolMaker)
16:43:47.244 [main] INFO  com.yunfei.toolmaker.ToolMakerApplicationTests - No active profile set, falling back to default profiles: default
16:43:50.591 [pool-2-thread-1] INFO  com.yunfei.toolmaker.service.impl.TimedMsgServiceImpl - the key doesn't exist.
16:47:15.646 [main] INFO  com.yunfei.toolmaker.ToolMakerApplicationTests - Starting ToolMakerApplicationTests using Java 1.8.0_381 on LAPTOP-RF57B291 with PID 15268 (started by 13615 in E:\onedrive-cache\OneDrive\Java学习\ToolMaker)
16:47:15.660 [main] INFO  com.yunfei.toolmaker.ToolMakerApplicationTests - No active profile set, falling back to default profiles: default
16:47:19.156 [pool-2-thread-1] INFO  com.yunfei.toolmaker.service.impl.TimedMsgServiceImpl - the key doesn't exist.
16:47:43.186 [main] INFO  com.yunfei.toolmaker.ToolMakerApplicationTests - Starting ToolMakerApplicationTests using Java 1.8.0_381 on LAPTOP-RF57B291 with PID 2592 (started by 13615 in E:\onedrive-cache\OneDrive\Java学习\ToolMaker)
16:47:43.197 [main] INFO  com.yunfei.toolmaker.ToolMakerApplicationTests - No active profile set, falling back to default profiles: default
16:47:46.489 [pool-2-thread-1] INFO  com.yunfei.toolmaker.service.impl.TimedMsgServiceImpl - the key doesn't exist.
16:50:30.700 [main] INFO  com.yunfei.toolmaker.ToolMakerApplicationTests - Starting ToolMakerApplicationTests using Java 1.8.0_381 on LAPTOP-RF57B291 with PID 9036 (started by 13615 in E:\onedrive-cache\OneDrive\Java学习\ToolMaker)
16:50:30.714 [main] INFO  com.yunfei.toolmaker.ToolMakerApplicationTests - No active profile set, falling back to default profiles: default
16:50:34.210 [pool-2-thread-1] INFO  com.yunfei.toolmaker.service.impl.TimedMsgServiceImpl - the key doesn't exist.
16:50:35.739 [main] INFO  com.yunfei.toolmaker.ToolMakerApplicationTests - Started ToolMakerApplicationTests in 5.599 seconds (JVM running for 7.551)
16:50:39.868 [main] ERROR freemarker.configuration - DefaultObjectWrapper.incompatibleImprovements was set to the object returned by Configuration.getVersion(). That defeats the purpose of incompatibleImprovements, and makes upgrading FreeMarker a potentially breaking change. Also, this probably won't be allowed starting from 2.4.0. Instead, set incompatibleImprovements to the highest concrete version that's known to be compatible with your application.
16:50:39.896 [main] ERROR freemarker.configuration - Configuration.incompatibleImprovements was set to the object returned by Configuration.getVersion(). That defeats the purpose of incompatibleImprovements, and makes upgrading FreeMarker a potentially breaking change. Also, this probably won't be allowed starting from 2.4.0. Instead, set incompatibleImprovements to the highest concrete version that's known to be compatible with your application.
16:51:02.944 [pool-2-thread-1] INFO  com.yunfei.toolmaker.service.impl.TimedMsgServiceImpl - the key doesn't exist.
16:51:03.025 [pool-2-thread-1] INFO  com.yunfei.toolmaker.service.impl.TimedMsgServiceImpl - the key doesn't exist.
16:51:16.797 [pool-2-thread-1] INFO  com.yunfei.toolmaker.service.impl.TimedMsgServiceImpl - the key doesn't exist.
16:51:23.662 [main] INFO  com.yunfei.toolmaker.ToolMakerApplicationTests - Starting ToolMakerApplicationTests using Java 1.8.0_381 on LAPTOP-RF57B291 with PID 1276 (started by 13615 in E:\onedrive-cache\OneDrive\Java学习\ToolMaker)
16:51:23.673 [main] INFO  com.yunfei.toolmaker.ToolMakerApplicationTests - No active profile set, falling back to default profiles: default
16:51:26.878 [pool-2-thread-1] INFO  com.yunfei.toolmaker.service.impl.TimedMsgServiceImpl - the key doesn't exist.
16:51:28.242 [main] INFO  com.yunfei.toolmaker.ToolMakerApplicationTests - Started ToolMakerApplicationTests in 5.098 seconds (JVM running for 6.846)
16:51:29.213 [main] ERROR freemarker.configuration - DefaultObjectWrapper.incompatibleImprovements was set to the object returned by Configuration.getVersion(). That defeats the purpose of incompatibleImprovements, and makes upgrading FreeMarker a potentially breaking change. Also, this probably won't be allowed starting from 2.4.0. Instead, set incompatibleImprovements to the highest concrete version that's known to be compatible with your application.
16:51:29.217 [main] ERROR freemarker.configuration - Configuration.incompatibleImprovements was set to the object returned by Configuration.getVersion(). That defeats the purpose of incompatibleImprovements, and makes upgrading FreeMarker a potentially breaking change. Also, this probably won't be allowed starting from 2.4.0. Instead, set incompatibleImprovements to the highest concrete version that's known to be compatible with your application.
16:51:33.282 [main] ERROR freemarker.runtime - Error executing FreeMarker template
freemarker.core.InvalidReferenceException: The following has evaluated to null or missing:
==> hello  [in template "template.ftlh" at line 7, column 8]

----
Tip: If the failing expression is known to legally refer to something that's sometimes null or missing, either specify a default value like myOptionalVar!myDefault, or use <#if myOptionalVar??>when-present<#else>when-missing</#if>. (These only cover the last step of the expression; to cover the whole expression, use parenthesis: (myOptionalVar.foo)!myDefault, (myOptionalVar.foo)??
----

----
FTL stack trace ("~" means nesting-related):
	- Failed at: ${hello}  [in template "template.ftlh" at line 7, column 6]
----
	at freemarker.core.InvalidReferenceException.getInstance(InvalidReferenceException.java:134) ~[freemarker-2.3.31.jar:2.3.31]
	at freemarker.core.EvalUtil.coerceModelToTextualCommon(EvalUtil.java:481) ~[freemarker-2.3.31.jar:2.3.31]
	at freemarker.core.EvalUtil.coerceModelToStringOrMarkup(EvalUtil.java:401) ~[freemarker-2.3.31.jar:2.3.31]
	at freemarker.core.EvalUtil.coerceModelToStringOrMarkup(EvalUtil.java:370) ~[freemarker-2.3.31.jar:2.3.31]
	at freemarker.core.DollarVariable.calculateInterpolatedStringOrMarkup(DollarVariable.java:100) ~[freemarker-2.3.31.jar:2.3.31]
	at freemarker.core.DollarVariable.accept(DollarVariable.java:63) ~[freemarker-2.3.31.jar:2.3.31]
	at freemarker.core.Environment.visit(Environment.java:347) ~[freemarker-2.3.31.jar:2.3.31]
	at freemarker.core.Environment.visit(Environment.java:353) ~[freemarker-2.3.31.jar:2.3.31]
	at freemarker.core.Environment.process(Environment.java:326) ~[freemarker-2.3.31.jar:2.3.31]
	at freemarker.template.Template.process(Template.java:383) ~[freemarker-2.3.31.jar:2.3.31]
	at com.yunfei.toolmaker.ToolMakerApplicationTests.testTemplate(ToolMakerApplicationTests.java:146) ~[test-classes/:?]
	at sun.reflect.NativeMethodAccessorImpl.invoke0(Native Method) ~[?:1.8.0_381]
	at sun.reflect.NativeMethodAccessorImpl.invoke(NativeMethodAccessorImpl.java:62) ~[?:1.8.0_381]
	at sun.reflect.DelegatingMethodAccessorImpl.invoke(DelegatingMethodAccessorImpl.java:43) ~[?:1.8.0_381]
	at java.lang.reflect.Method.invoke(Method.java:498) ~[?:1.8.0_381]
	at org.junit.platform.commons.util.ReflectionUtils.invokeMethod(ReflectionUtils.java:688) ~[junit-platform-commons-1.7.2.jar:1.7.2]
	at org.junit.jupiter.engine.execution.MethodInvocation.proceed(MethodInvocation.java:60) ~[junit-jupiter-engine-5.7.2.jar:5.7.2]
	at org.junit.jupiter.engine.execution.InvocationInterceptorChain$ValidatingInvocation.proceed(InvocationInterceptorChain.java:131) ~[junit-jupiter-engine-5.7.2.jar:5.7.2]
	at org.junit.jupiter.engine.extension.TimeoutExtension.intercept(TimeoutExtension.java:149) ~[junit-jupiter-engine-5.7.2.jar:5.7.2]
	at org.junit.jupiter.engine.extension.TimeoutExtension.interceptTestableMethod(TimeoutExtension.java:140) ~[junit-jupiter-engine-5.7.2.jar:5.7.2]
	at org.junit.jupiter.engine.extension.TimeoutExtension.interceptTestMethod(TimeoutExtension.java:84) ~[junit-jupiter-engine-5.7.2.jar:5.7.2]
	at org.junit.jupiter.engine.execution.ExecutableInvoker$ReflectiveInterceptorCall.lambda$ofVoidMethod$0(ExecutableInvoker.java:115) ~[junit-jupiter-engine-5.7.2.jar:5.7.2]
	at org.junit.jupiter.engine.execution.ExecutableInvoker.lambda$invoke$0(ExecutableInvoker.java:105) ~[junit-jupiter-engine-5.7.2.jar:5.7.2]
	at org.junit.jupiter.engine.execution.InvocationInterceptorChain$InterceptedInvocation.proceed(InvocationInterceptorChain.java:106) ~[junit-jupiter-engine-5.7.2.jar:5.7.2]
	at org.junit.jupiter.engine.execution.InvocationInterceptorChain.proceed(InvocationInterceptorChain.java:64) ~[junit-jupiter-engine-5.7.2.jar:5.7.2]
	at org.junit.jupiter.engine.execution.InvocationInterceptorChain.chainAndInvoke(InvocationInterceptorChain.java:45) ~[junit-jupiter-engine-5.7.2.jar:5.7.2]
	at org.junit.jupiter.engine.execution.InvocationInterceptorChain.invoke(InvocationInterceptorChain.java:37) ~[junit-jupiter-engine-5.7.2.jar:5.7.2]
	at org.junit.jupiter.engine.execution.ExecutableInvoker.invoke(ExecutableInvoker.java:104) ~[junit-jupiter-engine-5.7.2.jar:5.7.2]
	at org.junit.jupiter.engine.execution.ExecutableInvoker.invoke(ExecutableInvoker.java:98) ~[junit-jupiter-engine-5.7.2.jar:5.7.2]
	at org.junit.jupiter.engine.descriptor.TestMethodTestDescriptor.lambda$invokeTestMethod$6(TestMethodTestDescriptor.java:210) ~[junit-jupiter-engine-5.7.2.jar:5.7.2]
	at org.junit.platform.engine.support.hierarchical.ThrowableCollector.execute(ThrowableCollector.java:73) ~[junit-platform-engine-1.7.2.jar:1.7.2]
	at org.junit.jupiter.engine.descriptor.TestMethodTestDescriptor.invokeTestMethod(TestMethodTestDescriptor.java:206) ~[junit-jupiter-engine-5.7.2.jar:5.7.2]
	at org.junit.jupiter.engine.descriptor.TestMethodTestDescriptor.execute(TestMethodTestDescriptor.java:131) ~[junit-jupiter-engine-5.7.2.jar:5.7.2]
	at org.junit.jupiter.engine.descriptor.TestMethodTestDescriptor.execute(TestMethodTestDescriptor.java:65) ~[junit-jupiter-engine-5.7.2.jar:5.7.2]
	at org.junit.platform.engine.support.hierarchical.NodeTestTask.lambda$executeRecursively$5(NodeTestTask.java:139) ~[junit-platform-engine-1.7.2.jar:1.7.2]
	at org.junit.platform.engine.support.hierarchical.ThrowableCollector.execute(ThrowableCollector.java:73) ~[junit-platform-engine-1.7.2.jar:1.7.2]
	at org.junit.platform.engine.support.hierarchical.NodeTestTask.lambda$executeRecursively$7(NodeTestTask.java:129) ~[junit-platform-engine-1.7.2.jar:1.7.2]
	at org.junit.platform.engine.support.hierarchical.Node.around(Node.java:137) ~[junit-platform-engine-1.7.2.jar:1.7.2]
	at org.junit.platform.engine.support.hierarchical.NodeTestTask.lambda$executeRecursively$8(NodeTestTask.java:127) ~[junit-platform-engine-1.7.2.jar:1.7.2]
	at org.junit.platform.engine.support.hierarchical.ThrowableCollector.execute(ThrowableCollector.java:73) ~[junit-platform-engine-1.7.2.jar:1.7.2]
	at org.junit.platform.engine.support.hierarchical.NodeTestTask.executeRecursively(NodeTestTask.java:126) ~[junit-platform-engine-1.7.2.jar:1.7.2]
	at org.junit.platform.engine.support.hierarchical.NodeTestTask.execute(NodeTestTask.java:84) ~[junit-platform-engine-1.7.2.jar:1.7.2]
	at java.util.ArrayList.forEach(ArrayList.java:1259) ~[?:1.8.0_381]
	at org.junit.platform.engine.support.hierarchical.SameThreadHierarchicalTestExecutorService.invokeAll(SameThreadHierarchicalTestExecutorService.java:38) ~[junit-platform-engine-1.7.2.jar:1.7.2]
	at org.junit.platform.engine.support.hierarchical.NodeTestTask.lambda$executeRecursively$5(NodeTestTask.java:143) ~[junit-platform-engine-1.7.2.jar:1.7.2]
	at org.junit.platform.engine.support.hierarchical.ThrowableCollector.execute(ThrowableCollector.java:73) ~[junit-platform-engine-1.7.2.jar:1.7.2]
	at org.junit.platform.engine.support.hierarchical.NodeTestTask.lambda$executeRecursively$7(NodeTestTask.java:129) ~[junit-platform-engine-1.7.2.jar:1.7.2]
	at org.junit.platform.engine.support.hierarchical.Node.around(Node.java:137) ~[junit-platform-engine-1.7.2.jar:1.7.2]
	at org.junit.platform.engine.support.hierarchical.NodeTestTask.lambda$executeRecursively$8(NodeTestTask.java:127) ~[junit-platform-engine-1.7.2.jar:1.7.2]
	at org.junit.platform.engine.support.hierarchical.ThrowableCollector.execute(ThrowableCollector.java:73) ~[junit-platform-engine-1.7.2.jar:1.7.2]
	at org.junit.platform.engine.support.hierarchical.NodeTestTask.executeRecursively(NodeTestTask.java:126) ~[junit-platform-engine-1.7.2.jar:1.7.2]
	at org.junit.platform.engine.support.hierarchical.NodeTestTask.execute(NodeTestTask.java:84) ~[junit-platform-engine-1.7.2.jar:1.7.2]
	at java.util.ArrayList.forEach(ArrayList.java:1259) ~[?:1.8.0_381]
	at org.junit.platform.engine.support.hierarchical.SameThreadHierarchicalTestExecutorService.invokeAll(SameThreadHierarchicalTestExecutorService.java:38) ~[junit-platform-engine-1.7.2.jar:1.7.2]
	at org.junit.platform.engine.support.hierarchical.NodeTestTask.lambda$executeRecursively$5(NodeTestTask.java:143) ~[junit-platform-engine-1.7.2.jar:1.7.2]
	at org.junit.platform.engine.support.hierarchical.ThrowableCollector.execute(ThrowableCollector.java:73) ~[junit-platform-engine-1.7.2.jar:1.7.2]
	at org.junit.platform.engine.support.hierarchical.NodeTestTask.lambda$executeRecursively$7(NodeTestTask.java:129) ~[junit-platform-engine-1.7.2.jar:1.7.2]
	at org.junit.platform.engine.support.hierarchical.Node.around(Node.java:137) ~[junit-platform-engine-1.7.2.jar:1.7.2]
	at org.junit.platform.engine.support.hierarchical.NodeTestTask.lambda$executeRecursively$8(NodeTestTask.java:127) ~[junit-platform-engine-1.7.2.jar:1.7.2]
	at org.junit.platform.engine.support.hierarchical.ThrowableCollector.execute(ThrowableCollector.java:73) ~[junit-platform-engine-1.7.2.jar:1.7.2]
	at org.junit.platform.engine.support.hierarchical.NodeTestTask.executeRecursively(NodeTestTask.java:126) ~[junit-platform-engine-1.7.2.jar:1.7.2]
	at org.junit.platform.engine.support.hierarchical.NodeTestTask.execute(NodeTestTask.java:84) ~[junit-platform-engine-1.7.2.jar:1.7.2]
	at org.junit.platform.engine.support.hierarchical.SameThreadHierarchicalTestExecutorService.submit(SameThreadHierarchicalTestExecutorService.java:32) ~[junit-platform-engine-1.7.2.jar:1.7.2]
	at org.junit.platform.engine.support.hierarchical.HierarchicalTestExecutor.execute(HierarchicalTestExecutor.java:57) ~[junit-platform-engine-1.7.2.jar:1.7.2]
	at org.junit.platform.engine.support.hierarchical.HierarchicalTestEngine.execute(HierarchicalTestEngine.java:51) ~[junit-platform-engine-1.7.2.jar:1.7.2]
	at org.junit.platform.launcher.core.EngineExecutionOrchestrator.execute(EngineExecutionOrchestrator.java:108) ~[junit-platform-launcher-1.7.2.jar:1.7.2]
	at org.junit.platform.launcher.core.EngineExecutionOrchestrator.execute(EngineExecutionOrchestrator.java:88) ~[junit-platform-launcher-1.7.2.jar:1.7.2]
	at org.junit.platform.launcher.core.EngineExecutionOrchestrator.lambda$execute$0(EngineExecutionOrchestrator.java:54) ~[junit-platform-launcher-1.7.2.jar:1.7.2]
	at org.junit.platform.launcher.core.EngineExecutionOrchestrator.withInterceptedStreams(EngineExecutionOrchestrator.java:67) [junit-platform-launcher-1.7.2.jar:1.7.2]
	at org.junit.platform.launcher.core.EngineExecutionOrchestrator.execute(EngineExecutionOrchestrator.java:52) [junit-platform-launcher-1.7.2.jar:1.7.2]
	at org.junit.platform.launcher.core.DefaultLauncher.execute(DefaultLauncher.java:96) [junit-platform-launcher-1.7.2.jar:1.7.2]
	at org.junit.platform.launcher.core.DefaultLauncher.execute(DefaultLauncher.java:75) [junit-platform-launcher-1.7.2.jar:1.7.2]
	at com.intellij.junit5.JUnit5IdeaTestRunner.startRunnerWithArgs(JUnit5IdeaTestRunner.java:57) [junit5-rt.jar:?]
	at com.intellij.rt.junit.IdeaTestRunner$Repeater$1.execute(IdeaTestRunner.java:38) [junit-rt.jar:?]
	at com.intellij.rt.execution.junit.TestsRepeater.repeat(TestsRepeater.java:11) [idea_rt.jar:?]
	at com.intellij.rt.junit.IdeaTestRunner$Repeater.startRunnerWithArgs(IdeaTestRunner.java:35) [junit-rt.jar:?]
	at com.intellij.rt.junit.JUnitStarter.prepareStreamsAndStart(JUnitStarter.java:232) [junit-rt.jar:?]
	at com.intellij.rt.junit.JUnitStarter.main(JUnitStarter.java:55) [junit-rt.jar:?]
16:52:01.653 [main] INFO  com.yunfei.toolmaker.ToolMakerApplicationTests - Starting ToolMakerApplicationTests using Java 1.8.0_381 on LAPTOP-RF57B291 with PID 15536 (started by 13615 in E:\onedrive-cache\OneDrive\Java学习\ToolMaker)
16:52:01.664 [main] INFO  com.yunfei.toolmaker.ToolMakerApplicationTests - No active profile set, falling back to default profiles: default
16:52:04.809 [pool-2-thread-1] INFO  com.yunfei.toolmaker.service.impl.TimedMsgServiceImpl - the key doesn't exist.
16:52:06.095 [main] INFO  com.yunfei.toolmaker.ToolMakerApplicationTests - Started ToolMakerApplicationTests in 4.892 seconds (JVM running for 6.574)
16:52:06.303 [main] ERROR freemarker.configuration - DefaultObjectWrapper.incompatibleImprovements was set to the object returned by Configuration.getVersion(). That defeats the purpose of incompatibleImprovements, and makes upgrading FreeMarker a potentially breaking change. Also, this probably won't be allowed starting from 2.4.0. Instead, set incompatibleImprovements to the highest concrete version that's known to be compatible with your application.
16:52:06.304 [main] ERROR freemarker.configuration - Configuration.incompatibleImprovements was set to the object returned by Configuration.getVersion(). That defeats the purpose of incompatibleImprovements, and makes upgrading FreeMarker a potentially breaking change. Also, this probably won't be allowed starting from 2.4.0. Instead, set incompatibleImprovements to the highest concrete version that's known to be compatible with your application.
17:33:08.233 [main] INFO  com.yunfei.toolmaker.ToolMakerApplicationTests - Starting ToolMakerApplicationTests using Java 1.8.0_381 on LAPTOP-RF57B291 with PID 11708 (started by 13615 in E:\onedrive-cache\OneDrive\Java学习\ToolMaker)
17:33:08.245 [main] INFO  com.yunfei.toolmaker.ToolMakerApplicationTests - No active profile set, falling back to default profiles: default
17:33:11.275 [pool-2-thread-1] INFO  com.yunfei.toolmaker.service.impl.TimedMsgServiceImpl - the key doesn't exist.
17:33:12.554 [main] INFO  com.yunfei.toolmaker.ToolMakerApplicationTests - Started ToolMakerApplicationTests in 4.796 seconds (JVM running for 6.604)
17:33:12.785 [main] ERROR freemarker.configuration - DefaultObjectWrapper.incompatibleImprovements was set to the object returned by Configuration.getVersion(). That defeats the purpose of incompatibleImprovements, and makes upgrading FreeMarker a potentially breaking change. Also, this probably won't be allowed starting from 2.4.0. Instead, set incompatibleImprovements to the highest concrete version that's known to be compatible with your application.
17:33:12.786 [main] ERROR freemarker.configuration - Configuration.incompatibleImprovements was set to the object returned by Configuration.getVersion(). That defeats the purpose of incompatibleImprovements, and makes upgrading FreeMarker a potentially breaking change. Also, this probably won't be allowed starting from 2.4.0. Instead, set incompatibleImprovements to the highest concrete version that's known to be compatible with your application.
17:33:12.855 [main] ERROR freemarker.runtime - Error executing FreeMarker template
freemarker.core.NonNumericalException: For "#{...}" content: Expected a number, but this has evaluated to a string (wrapper: f.t.SimpleScalar):
==> filed1  [in template "template.ftlh" at line 23, column 63]

----
FTL stack trace ("~" means nesting-related):
	- Failed at: #{filed1}  [in template "template.ftlh" at line 23, column 61]
----
	at freemarker.core.Expression.modelToNumber(Expression.java:158) ~[freemarker-2.3.31.jar:2.3.31]
	at freemarker.core.Expression.evalToNumber(Expression.java:151) ~[freemarker-2.3.31.jar:2.3.31]
	at freemarker.core.NumericalOutput.calculateInterpolatedStringOrMarkup(NumericalOutput.java:78) ~[freemarker-2.3.31.jar:2.3.31]
	at freemarker.core.NumericalOutput.accept(NumericalOutput.java:66) ~[freemarker-2.3.31.jar:2.3.31]
	at freemarker.core.Environment.visit(Environment.java:347) ~[freemarker-2.3.31.jar:2.3.31]
	at freemarker.core.Environment.visit(Environment.java:353) ~[freemarker-2.3.31.jar:2.3.31]
	at freemarker.core.Environment.process(Environment.java:326) ~[freemarker-2.3.31.jar:2.3.31]
	at freemarker.template.Template.process(Template.java:383) ~[freemarker-2.3.31.jar:2.3.31]
	at com.yunfei.toolmaker.ToolMakerApplicationTests.testTemplate(ToolMakerApplicationTests.java:146) ~[test-classes/:?]
	at sun.reflect.NativeMethodAccessorImpl.invoke0(Native Method) ~[?:1.8.0_381]
	at sun.reflect.NativeMethodAccessorImpl.invoke(NativeMethodAccessorImpl.java:62) ~[?:1.8.0_381]
	at sun.reflect.DelegatingMethodAccessorImpl.invoke(DelegatingMethodAccessorImpl.java:43) ~[?:1.8.0_381]
	at java.lang.reflect.Method.invoke(Method.java:498) ~[?:1.8.0_381]
	at org.junit.platform.commons.util.ReflectionUtils.invokeMethod(ReflectionUtils.java:688) ~[junit-platform-commons-1.7.2.jar:1.7.2]
	at org.junit.jupiter.engine.execution.MethodInvocation.proceed(MethodInvocation.java:60) ~[junit-jupiter-engine-5.7.2.jar:5.7.2]
	at org.junit.jupiter.engine.execution.InvocationInterceptorChain$ValidatingInvocation.proceed(InvocationInterceptorChain.java:131) ~[junit-jupiter-engine-5.7.2.jar:5.7.2]
	at org.junit.jupiter.engine.extension.TimeoutExtension.intercept(TimeoutExtension.java:149) ~[junit-jupiter-engine-5.7.2.jar:5.7.2]
	at org.junit.jupiter.engine.extension.TimeoutExtension.interceptTestableMethod(TimeoutExtension.java:140) ~[junit-jupiter-engine-5.7.2.jar:5.7.2]
	at org.junit.jupiter.engine.extension.TimeoutExtension.interceptTestMethod(TimeoutExtension.java:84) ~[junit-jupiter-engine-5.7.2.jar:5.7.2]
	at org.junit.jupiter.engine.execution.ExecutableInvoker$ReflectiveInterceptorCall.lambda$ofVoidMethod$0(ExecutableInvoker.java:115) ~[junit-jupiter-engine-5.7.2.jar:5.7.2]
	at org.junit.jupiter.engine.execution.ExecutableInvoker.lambda$invoke$0(ExecutableInvoker.java:105) ~[junit-jupiter-engine-5.7.2.jar:5.7.2]
	at org.junit.jupiter.engine.execution.InvocationInterceptorChain$InterceptedInvocation.proceed(InvocationInterceptorChain.java:106) ~[junit-jupiter-engine-5.7.2.jar:5.7.2]
	at org.junit.jupiter.engine.execution.InvocationInterceptorChain.proceed(InvocationInterceptorChain.java:64) ~[junit-jupiter-engine-5.7.2.jar:5.7.2]
	at org.junit.jupiter.engine.execution.InvocationInterceptorChain.chainAndInvoke(InvocationInterceptorChain.java:45) ~[junit-jupiter-engine-5.7.2.jar:5.7.2]
	at org.junit.jupiter.engine.execution.InvocationInterceptorChain.invoke(InvocationInterceptorChain.java:37) ~[junit-jupiter-engine-5.7.2.jar:5.7.2]
	at org.junit.jupiter.engine.execution.ExecutableInvoker.invoke(ExecutableInvoker.java:104) ~[junit-jupiter-engine-5.7.2.jar:5.7.2]
	at org.junit.jupiter.engine.execution.ExecutableInvoker.invoke(ExecutableInvoker.java:98) ~[junit-jupiter-engine-5.7.2.jar:5.7.2]
	at org.junit.jupiter.engine.descriptor.TestMethodTestDescriptor.lambda$invokeTestMethod$6(TestMethodTestDescriptor.java:210) ~[junit-jupiter-engine-5.7.2.jar:5.7.2]
	at org.junit.platform.engine.support.hierarchical.ThrowableCollector.execute(ThrowableCollector.java:73) ~[junit-platform-engine-1.7.2.jar:1.7.2]
	at org.junit.jupiter.engine.descriptor.TestMethodTestDescriptor.invokeTestMethod(TestMethodTestDescriptor.java:206) ~[junit-jupiter-engine-5.7.2.jar:5.7.2]
	at org.junit.jupiter.engine.descriptor.TestMethodTestDescriptor.execute(TestMethodTestDescriptor.java:131) ~[junit-jupiter-engine-5.7.2.jar:5.7.2]
	at org.junit.jupiter.engine.descriptor.TestMethodTestDescriptor.execute(TestMethodTestDescriptor.java:65) ~[junit-jupiter-engine-5.7.2.jar:5.7.2]
	at org.junit.platform.engine.support.hierarchical.NodeTestTask.lambda$executeRecursively$5(NodeTestTask.java:139) ~[junit-platform-engine-1.7.2.jar:1.7.2]
	at org.junit.platform.engine.support.hierarchical.ThrowableCollector.execute(ThrowableCollector.java:73) ~[junit-platform-engine-1.7.2.jar:1.7.2]
	at org.junit.platform.engine.support.hierarchical.NodeTestTask.lambda$executeRecursively$7(NodeTestTask.java:129) ~[junit-platform-engine-1.7.2.jar:1.7.2]
	at org.junit.platform.engine.support.hierarchical.Node.around(Node.java:137) ~[junit-platform-engine-1.7.2.jar:1.7.2]
	at org.junit.platform.engine.support.hierarchical.NodeTestTask.lambda$executeRecursively$8(NodeTestTask.java:127) ~[junit-platform-engine-1.7.2.jar:1.7.2]
	at org.junit.platform.engine.support.hierarchical.ThrowableCollector.execute(ThrowableCollector.java:73) ~[junit-platform-engine-1.7.2.jar:1.7.2]
	at org.junit.platform.engine.support.hierarchical.NodeTestTask.executeRecursively(NodeTestTask.java:126) ~[junit-platform-engine-1.7.2.jar:1.7.2]
	at org.junit.platform.engine.support.hierarchical.NodeTestTask.execute(NodeTestTask.java:84) ~[junit-platform-engine-1.7.2.jar:1.7.2]
	at java.util.ArrayList.forEach(ArrayList.java:1259) ~[?:1.8.0_381]
	at org.junit.platform.engine.support.hierarchical.SameThreadHierarchicalTestExecutorService.invokeAll(SameThreadHierarchicalTestExecutorService.java:38) ~[junit-platform-engine-1.7.2.jar:1.7.2]
	at org.junit.platform.engine.support.hierarchical.NodeTestTask.lambda$executeRecursively$5(NodeTestTask.java:143) ~[junit-platform-engine-1.7.2.jar:1.7.2]
	at org.junit.platform.engine.support.hierarchical.ThrowableCollector.execute(ThrowableCollector.java:73) ~[junit-platform-engine-1.7.2.jar:1.7.2]
	at org.junit.platform.engine.support.hierarchical.NodeTestTask.lambda$executeRecursively$7(NodeTestTask.java:129) ~[junit-platform-engine-1.7.2.jar:1.7.2]
	at org.junit.platform.engine.support.hierarchical.Node.around(Node.java:137) ~[junit-platform-engine-1.7.2.jar:1.7.2]
	at org.junit.platform.engine.support.hierarchical.NodeTestTask.lambda$executeRecursively$8(NodeTestTask.java:127) ~[junit-platform-engine-1.7.2.jar:1.7.2]
	at org.junit.platform.engine.support.hierarchical.ThrowableCollector.execute(ThrowableCollector.java:73) ~[junit-platform-engine-1.7.2.jar:1.7.2]
	at org.junit.platform.engine.support.hierarchical.NodeTestTask.executeRecursively(NodeTestTask.java:126) ~[junit-platform-engine-1.7.2.jar:1.7.2]
	at org.junit.platform.engine.support.hierarchical.NodeTestTask.execute(NodeTestTask.java:84) ~[junit-platform-engine-1.7.2.jar:1.7.2]
	at java.util.ArrayList.forEach(ArrayList.java:1259) ~[?:1.8.0_381]
	at org.junit.platform.engine.support.hierarchical.SameThreadHierarchicalTestExecutorService.invokeAll(SameThreadHierarchicalTestExecutorService.java:38) ~[junit-platform-engine-1.7.2.jar:1.7.2]
	at org.junit.platform.engine.support.hierarchical.NodeTestTask.lambda$executeRecursively$5(NodeTestTask.java:143) ~[junit-platform-engine-1.7.2.jar:1.7.2]
	at org.junit.platform.engine.support.hierarchical.ThrowableCollector.execute(ThrowableCollector.java:73) ~[junit-platform-engine-1.7.2.jar:1.7.2]
	at org.junit.platform.engine.support.hierarchical.NodeTestTask.lambda$executeRecursively$7(NodeTestTask.java:129) ~[junit-platform-engine-1.7.2.jar:1.7.2]
	at org.junit.platform.engine.support.hierarchical.Node.around(Node.java:137) ~[junit-platform-engine-1.7.2.jar:1.7.2]
	at org.junit.platform.engine.support.hierarchical.NodeTestTask.lambda$executeRecursively$8(NodeTestTask.java:127) ~[junit-platform-engine-1.7.2.jar:1.7.2]
	at org.junit.platform.engine.support.hierarchical.ThrowableCollector.execute(ThrowableCollector.java:73) ~[junit-platform-engine-1.7.2.jar:1.7.2]
	at org.junit.platform.engine.support.hierarchical.NodeTestTask.executeRecursively(NodeTestTask.java:126) ~[junit-platform-engine-1.7.2.jar:1.7.2]
	at org.junit.platform.engine.support.hierarchical.NodeTestTask.execute(NodeTestTask.java:84) ~[junit-platform-engine-1.7.2.jar:1.7.2]
	at org.junit.platform.engine.support.hierarchical.SameThreadHierarchicalTestExecutorService.submit(SameThreadHierarchicalTestExecutorService.java:32) ~[junit-platform-engine-1.7.2.jar:1.7.2]
	at org.junit.platform.engine.support.hierarchical.HierarchicalTestExecutor.execute(HierarchicalTestExecutor.java:57) ~[junit-platform-engine-1.7.2.jar:1.7.2]
	at org.junit.platform.engine.support.hierarchical.HierarchicalTestEngine.execute(HierarchicalTestEngine.java:51) ~[junit-platform-engine-1.7.2.jar:1.7.2]
	at org.junit.platform.launcher.core.EngineExecutionOrchestrator.execute(EngineExecutionOrchestrator.java:108) ~[junit-platform-launcher-1.7.2.jar:1.7.2]
	at org.junit.platform.launcher.core.EngineExecutionOrchestrator.execute(EngineExecutionOrchestrator.java:88) ~[junit-platform-launcher-1.7.2.jar:1.7.2]
	at org.junit.platform.launcher.core.EngineExecutionOrchestrator.lambda$execute$0(EngineExecutionOrchestrator.java:54) ~[junit-platform-launcher-1.7.2.jar:1.7.2]
	at org.junit.platform.launcher.core.EngineExecutionOrchestrator.withInterceptedStreams(EngineExecutionOrchestrator.java:67) [junit-platform-launcher-1.7.2.jar:1.7.2]
	at org.junit.platform.launcher.core.EngineExecutionOrchestrator.execute(EngineExecutionOrchestrator.java:52) [junit-platform-launcher-1.7.2.jar:1.7.2]
	at org.junit.platform.launcher.core.DefaultLauncher.execute(DefaultLauncher.java:96) [junit-platform-launcher-1.7.2.jar:1.7.2]
	at org.junit.platform.launcher.core.DefaultLauncher.execute(DefaultLauncher.java:75) [junit-platform-launcher-1.7.2.jar:1.7.2]
	at com.intellij.junit5.JUnit5IdeaTestRunner.startRunnerWithArgs(JUnit5IdeaTestRunner.java:57) [junit5-rt.jar:?]
	at com.intellij.rt.junit.IdeaTestRunner$Repeater$1.execute(IdeaTestRunner.java:38) [junit-rt.jar:?]
	at com.intellij.rt.execution.junit.TestsRepeater.repeat(TestsRepeater.java:11) [idea_rt.jar:?]
	at com.intellij.rt.junit.IdeaTestRunner$Repeater.startRunnerWithArgs(IdeaTestRunner.java:35) [junit-rt.jar:?]
	at com.intellij.rt.junit.JUnitStarter.prepareStreamsAndStart(JUnitStarter.java:232) [junit-rt.jar:?]
	at com.intellij.rt.junit.JUnitStarter.main(JUnitStarter.java:55) [junit-rt.jar:?]
17:34:09.526 [main] INFO  com.yunfei.toolmaker.ToolMakerApplicationTests - Starting ToolMakerApplicationTests using Java 1.8.0_381 on LAPTOP-RF57B291 with PID 13656 (started by 13615 in E:\onedrive-cache\OneDrive\Java学习\ToolMaker)
17:34:09.538 [main] INFO  com.yunfei.toolmaker.ToolMakerApplicationTests - No active profile set, falling back to default profiles: default
17:34:12.546 [pool-2-thread-1] INFO  com.yunfei.toolmaker.service.impl.TimedMsgServiceImpl - the key doesn't exist.
17:34:13.878 [main] INFO  com.yunfei.toolmaker.ToolMakerApplicationTests - Started ToolMakerApplicationTests in 4.807 seconds (JVM running for 6.547)
17:34:14.090 [main] ERROR freemarker.configuration - DefaultObjectWrapper.incompatibleImprovements was set to the object returned by Configuration.getVersion(). That defeats the purpose of incompatibleImprovements, and makes upgrading FreeMarker a potentially breaking change. Also, this probably won't be allowed starting from 2.4.0. Instead, set incompatibleImprovements to the highest concrete version that's known to be compatible with your application.
17:34:14.091 [main] ERROR freemarker.configuration - Configuration.incompatibleImprovements was set to the object returned by Configuration.getVersion(). That defeats the purpose of incompatibleImprovements, and makes upgrading FreeMarker a potentially breaking change. Also, this probably won't be allowed starting from 2.4.0. Instead, set incompatibleImprovements to the highest concrete version that's known to be compatible with your application.
17:35:40.722 [main] INFO  com.yunfei.toolmaker.ToolMakerApplicationTests - Starting ToolMakerApplicationTests using Java 1.8.0_381 on LAPTOP-RF57B291 with PID 13732 (started by 13615 in E:\onedrive-cache\OneDrive\Java学习\ToolMaker)
17:35:40.733 [main] INFO  com.yunfei.toolmaker.ToolMakerApplicationTests - No active profile set, falling back to default profiles: default
17:35:43.761 [pool-2-thread-1] INFO  com.yunfei.toolmaker.service.impl.TimedMsgServiceImpl - the key doesn't exist.
17:35:45.009 [main] INFO  com.yunfei.toolmaker.ToolMakerApplicationTests - Started ToolMakerApplicationTests in 4.738 seconds (JVM running for 6.395)
17:35:45.208 [main] ERROR freemarker.configuration - DefaultObjectWrapper.incompatibleImprovements was set to the object returned by Configuration.getVersion(). That defeats the purpose of incompatibleImprovements, and makes upgrading FreeMarker a potentially breaking change. Also, this probably won't be allowed starting from 2.4.0. Instead, set incompatibleImprovements to the highest concrete version that's known to be compatible with your application.
17:35:45.209 [main] ERROR freemarker.configuration - Configuration.incompatibleImprovements was set to the object returned by Configuration.getVersion(). That defeats the purpose of incompatibleImprovements, and makes upgrading FreeMarker a potentially breaking change. Also, this probably won't be allowed starting from 2.4.0. Instead, set incompatibleImprovements to the highest concrete version that's known to be compatible with your application.
17:35:45.270 [main] ERROR freemarker.runtime - Error executing FreeMarker template
freemarker.core.InvalidReferenceException: The following has evaluated to null or missing:
==> tableName  [in template "template.ftlh" at line 20, column 12]

----
Tip: If the failing expression is known to legally refer to something that's sometimes null or missing, either specify a default value like myOptionalVar!myDefault, or use <#if myOptionalVar??>when-present<#else>when-missing</#if>. (These only cover the last step of the expression; to cover the whole expression, use parenthesis: (myOptionalVar.foo)!myDefault, (myOptionalVar.foo)??
----

----
FTL stack trace ("~" means nesting-related):
	- Failed at: ${tableName}  [in template "template.ftlh" at line 20, column 10]
----
	at freemarker.core.InvalidReferenceException.getInstance(InvalidReferenceException.java:134) ~[freemarker-2.3.31.jar:2.3.31]
	at freemarker.core.EvalUtil.coerceModelToTextualCommon(EvalUtil.java:481) ~[freemarker-2.3.31.jar:2.3.31]
	at freemarker.core.EvalUtil.coerceModelToStringOrMarkup(EvalUtil.java:401) ~[freemarker-2.3.31.jar:2.3.31]
	at freemarker.core.EvalUtil.coerceModelToStringOrMarkup(EvalUtil.java:370) ~[freemarker-2.3.31.jar:2.3.31]
	at freemarker.core.DollarVariable.calculateInterpolatedStringOrMarkup(DollarVariable.java:100) ~[freemarker-2.3.31.jar:2.3.31]
	at freemarker.core.DollarVariable.accept(DollarVariable.java:63) ~[freemarker-2.3.31.jar:2.3.31]
	at freemarker.core.Environment.visit(Environment.java:347) ~[freemarker-2.3.31.jar:2.3.31]
	at freemarker.core.Environment.visit(Environment.java:353) ~[freemarker-2.3.31.jar:2.3.31]
	at freemarker.core.Environment.process(Environment.java:326) ~[freemarker-2.3.31.jar:2.3.31]
	at freemarker.template.Template.process(Template.java:383) ~[freemarker-2.3.31.jar:2.3.31]
	at com.yunfei.toolmaker.ToolMakerApplicationTests.testTemplate(ToolMakerApplicationTests.java:146) ~[test-classes/:?]
	at sun.reflect.NativeMethodAccessorImpl.invoke0(Native Method) ~[?:1.8.0_381]
	at sun.reflect.NativeMethodAccessorImpl.invoke(NativeMethodAccessorImpl.java:62) ~[?:1.8.0_381]
	at sun.reflect.DelegatingMethodAccessorImpl.invoke(DelegatingMethodAccessorImpl.java:43) ~[?:1.8.0_381]
	at java.lang.reflect.Method.invoke(Method.java:498) ~[?:1.8.0_381]
	at org.junit.platform.commons.util.ReflectionUtils.invokeMethod(ReflectionUtils.java:688) ~[junit-platform-commons-1.7.2.jar:1.7.2]
	at org.junit.jupiter.engine.execution.MethodInvocation.proceed(MethodInvocation.java:60) ~[junit-jupiter-engine-5.7.2.jar:5.7.2]
	at org.junit.jupiter.engine.execution.InvocationInterceptorChain$ValidatingInvocation.proceed(InvocationInterceptorChain.java:131) ~[junit-jupiter-engine-5.7.2.jar:5.7.2]
	at org.junit.jupiter.engine.extension.TimeoutExtension.intercept(TimeoutExtension.java:149) ~[junit-jupiter-engine-5.7.2.jar:5.7.2]
	at org.junit.jupiter.engine.extension.TimeoutExtension.interceptTestableMethod(TimeoutExtension.java:140) ~[junit-jupiter-engine-5.7.2.jar:5.7.2]
	at org.junit.jupiter.engine.extension.TimeoutExtension.interceptTestMethod(TimeoutExtension.java:84) ~[junit-jupiter-engine-5.7.2.jar:5.7.2]
	at org.junit.jupiter.engine.execution.ExecutableInvoker$ReflectiveInterceptorCall.lambda$ofVoidMethod$0(ExecutableInvoker.java:115) ~[junit-jupiter-engine-5.7.2.jar:5.7.2]
	at org.junit.jupiter.engine.execution.ExecutableInvoker.lambda$invoke$0(ExecutableInvoker.java:105) ~[junit-jupiter-engine-5.7.2.jar:5.7.2]
	at org.junit.jupiter.engine.execution.InvocationInterceptorChain$InterceptedInvocation.proceed(InvocationInterceptorChain.java:106) ~[junit-jupiter-engine-5.7.2.jar:5.7.2]
	at org.junit.jupiter.engine.execution.InvocationInterceptorChain.proceed(InvocationInterceptorChain.java:64) ~[junit-jupiter-engine-5.7.2.jar:5.7.2]
	at org.junit.jupiter.engine.execution.InvocationInterceptorChain.chainAndInvoke(InvocationInterceptorChain.java:45) ~[junit-jupiter-engine-5.7.2.jar:5.7.2]
	at org.junit.jupiter.engine.execution.InvocationInterceptorChain.invoke(InvocationInterceptorChain.java:37) ~[junit-jupiter-engine-5.7.2.jar:5.7.2]
	at org.junit.jupiter.engine.execution.ExecutableInvoker.invoke(ExecutableInvoker.java:104) ~[junit-jupiter-engine-5.7.2.jar:5.7.2]
	at org.junit.jupiter.engine.execution.ExecutableInvoker.invoke(ExecutableInvoker.java:98) ~[junit-jupiter-engine-5.7.2.jar:5.7.2]
	at org.junit.jupiter.engine.descriptor.TestMethodTestDescriptor.lambda$invokeTestMethod$6(TestMethodTestDescriptor.java:210) ~[junit-jupiter-engine-5.7.2.jar:5.7.2]
	at org.junit.platform.engine.support.hierarchical.ThrowableCollector.execute(ThrowableCollector.java:73) ~[junit-platform-engine-1.7.2.jar:1.7.2]
	at org.junit.jupiter.engine.descriptor.TestMethodTestDescriptor.invokeTestMethod(TestMethodTestDescriptor.java:206) ~[junit-jupiter-engine-5.7.2.jar:5.7.2]
	at org.junit.jupiter.engine.descriptor.TestMethodTestDescriptor.execute(TestMethodTestDescriptor.java:131) ~[junit-jupiter-engine-5.7.2.jar:5.7.2]
	at org.junit.jupiter.engine.descriptor.TestMethodTestDescriptor.execute(TestMethodTestDescriptor.java:65) ~[junit-jupiter-engine-5.7.2.jar:5.7.2]
	at org.junit.platform.engine.support.hierarchical.NodeTestTask.lambda$executeRecursively$5(NodeTestTask.java:139) ~[junit-platform-engine-1.7.2.jar:1.7.2]
	at org.junit.platform.engine.support.hierarchical.ThrowableCollector.execute(ThrowableCollector.java:73) ~[junit-platform-engine-1.7.2.jar:1.7.2]
	at org.junit.platform.engine.support.hierarchical.NodeTestTask.lambda$executeRecursively$7(NodeTestTask.java:129) ~[junit-platform-engine-1.7.2.jar:1.7.2]
	at org.junit.platform.engine.support.hierarchical.Node.around(Node.java:137) ~[junit-platform-engine-1.7.2.jar:1.7.2]
	at org.junit.platform.engine.support.hierarchical.NodeTestTask.lambda$executeRecursively$8(NodeTestTask.java:127) ~[junit-platform-engine-1.7.2.jar:1.7.2]
	at org.junit.platform.engine.support.hierarchical.ThrowableCollector.execute(ThrowableCollector.java:73) ~[junit-platform-engine-1.7.2.jar:1.7.2]
	at org.junit.platform.engine.support.hierarchical.NodeTestTask.executeRecursively(NodeTestTask.java:126) ~[junit-platform-engine-1.7.2.jar:1.7.2]
	at org.junit.platform.engine.support.hierarchical.NodeTestTask.execute(NodeTestTask.java:84) ~[junit-platform-engine-1.7.2.jar:1.7.2]
	at java.util.ArrayList.forEach(ArrayList.java:1259) ~[?:1.8.0_381]
	at org.junit.platform.engine.support.hierarchical.SameThreadHierarchicalTestExecutorService.invokeAll(SameThreadHierarchicalTestExecutorService.java:38) ~[junit-platform-engine-1.7.2.jar:1.7.2]
	at org.junit.platform.engine.support.hierarchical.NodeTestTask.lambda$executeRecursively$5(NodeTestTask.java:143) ~[junit-platform-engine-1.7.2.jar:1.7.2]
	at org.junit.platform.engine.support.hierarchical.ThrowableCollector.execute(ThrowableCollector.java:73) ~[junit-platform-engine-1.7.2.jar:1.7.2]
	at org.junit.platform.engine.support.hierarchical.NodeTestTask.lambda$executeRecursively$7(NodeTestTask.java:129) ~[junit-platform-engine-1.7.2.jar:1.7.2]
	at org.junit.platform.engine.support.hierarchical.Node.around(Node.java:137) ~[junit-platform-engine-1.7.2.jar:1.7.2]
	at org.junit.platform.engine.support.hierarchical.NodeTestTask.lambda$executeRecursively$8(NodeTestTask.java:127) ~[junit-platform-engine-1.7.2.jar:1.7.2]
	at org.junit.platform.engine.support.hierarchical.ThrowableCollector.execute(ThrowableCollector.java:73) ~[junit-platform-engine-1.7.2.jar:1.7.2]
	at org.junit.platform.engine.support.hierarchical.NodeTestTask.executeRecursively(NodeTestTask.java:126) ~[junit-platform-engine-1.7.2.jar:1.7.2]
	at org.junit.platform.engine.support.hierarchical.NodeTestTask.execute(NodeTestTask.java:84) ~[junit-platform-engine-1.7.2.jar:1.7.2]
	at java.util.ArrayList.forEach(ArrayList.java:1259) ~[?:1.8.0_381]
	at org.junit.platform.engine.support.hierarchical.SameThreadHierarchicalTestExecutorService.invokeAll(SameThreadHierarchicalTestExecutorService.java:38) ~[junit-platform-engine-1.7.2.jar:1.7.2]
	at org.junit.platform.engine.support.hierarchical.NodeTestTask.lambda$executeRecursively$5(NodeTestTask.java:143) ~[junit-platform-engine-1.7.2.jar:1.7.2]
	at org.junit.platform.engine.support.hierarchical.ThrowableCollector.execute(ThrowableCollector.java:73) ~[junit-platform-engine-1.7.2.jar:1.7.2]
	at org.junit.platform.engine.support.hierarchical.NodeTestTask.lambda$executeRecursively$7(NodeTestTask.java:129) ~[junit-platform-engine-1.7.2.jar:1.7.2]
	at org.junit.platform.engine.support.hierarchical.Node.around(Node.java:137) ~[junit-platform-engine-1.7.2.jar:1.7.2]
	at org.junit.platform.engine.support.hierarchical.NodeTestTask.lambda$executeRecursively$8(NodeTestTask.java:127) ~[junit-platform-engine-1.7.2.jar:1.7.2]
	at org.junit.platform.engine.support.hierarchical.ThrowableCollector.execute(ThrowableCollector.java:73) ~[junit-platform-engine-1.7.2.jar:1.7.2]
	at org.junit.platform.engine.support.hierarchical.NodeTestTask.executeRecursively(NodeTestTask.java:126) ~[junit-platform-engine-1.7.2.jar:1.7.2]
	at org.junit.platform.engine.support.hierarchical.NodeTestTask.execute(NodeTestTask.java:84) ~[junit-platform-engine-1.7.2.jar:1.7.2]
	at org.junit.platform.engine.support.hierarchical.SameThreadHierarchicalTestExecutorService.submit(SameThreadHierarchicalTestExecutorService.java:32) ~[junit-platform-engine-1.7.2.jar:1.7.2]
	at org.junit.platform.engine.support.hierarchical.HierarchicalTestExecutor.execute(HierarchicalTestExecutor.java:57) ~[junit-platform-engine-1.7.2.jar:1.7.2]
	at org.junit.platform.engine.support.hierarchical.HierarchicalTestEngine.execute(HierarchicalTestEngine.java:51) ~[junit-platform-engine-1.7.2.jar:1.7.2]
	at org.junit.platform.launcher.core.EngineExecutionOrchestrator.execute(EngineExecutionOrchestrator.java:108) ~[junit-platform-launcher-1.7.2.jar:1.7.2]
	at org.junit.platform.launcher.core.EngineExecutionOrchestrator.execute(EngineExecutionOrchestrator.java:88) ~[junit-platform-launcher-1.7.2.jar:1.7.2]
	at org.junit.platform.launcher.core.EngineExecutionOrchestrator.lambda$execute$0(EngineExecutionOrchestrator.java:54) ~[junit-platform-launcher-1.7.2.jar:1.7.2]
	at org.junit.platform.launcher.core.EngineExecutionOrchestrator.withInterceptedStreams(EngineExecutionOrchestrator.java:67) [junit-platform-launcher-1.7.2.jar:1.7.2]
	at org.junit.platform.launcher.core.EngineExecutionOrchestrator.execute(EngineExecutionOrchestrator.java:52) [junit-platform-launcher-1.7.2.jar:1.7.2]
	at org.junit.platform.launcher.core.DefaultLauncher.execute(DefaultLauncher.java:96) [junit-platform-launcher-1.7.2.jar:1.7.2]
	at org.junit.platform.launcher.core.DefaultLauncher.execute(DefaultLauncher.java:75) [junit-platform-launcher-1.7.2.jar:1.7.2]
	at com.intellij.junit5.JUnit5IdeaTestRunner.startRunnerWithArgs(JUnit5IdeaTestRunner.java:57) [junit5-rt.jar:?]
	at com.intellij.rt.junit.IdeaTestRunner$Repeater$1.execute(IdeaTestRunner.java:38) [junit-rt.jar:?]
	at com.intellij.rt.execution.junit.TestsRepeater.repeat(TestsRepeater.java:11) [idea_rt.jar:?]
	at com.intellij.rt.junit.IdeaTestRunner$Repeater.startRunnerWithArgs(IdeaTestRunner.java:35) [junit-rt.jar:?]
	at com.intellij.rt.junit.JUnitStarter.prepareStreamsAndStart(JUnitStarter.java:232) [junit-rt.jar:?]
	at com.intellij.rt.junit.JUnitStarter.main(JUnitStarter.java:55) [junit-rt.jar:?]
17:36:57.396 [main] INFO  com.yunfei.toolmaker.ToolMakerApplicationTests - Starting ToolMakerApplicationTests using Java 1.8.0_381 on LAPTOP-RF57B291 with PID 15496 (started by 13615 in E:\onedrive-cache\OneDrive\Java学习\ToolMaker)
17:36:57.407 [main] INFO  com.yunfei.toolmaker.ToolMakerApplicationTests - No active profile set, falling back to default profiles: default
17:37:00.443 [pool-2-thread-1] INFO  com.yunfei.toolmaker.service.impl.TimedMsgServiceImpl - the key doesn't exist.
17:37:01.809 [main] INFO  com.yunfei.toolmaker.ToolMakerApplicationTests - Started ToolMakerApplicationTests in 4.866 seconds (JVM running for 6.362)
17:37:02.015 [main] ERROR freemarker.configuration - DefaultObjectWrapper.incompatibleImprovements was set to the object returned by Configuration.getVersion(). That defeats the purpose of incompatibleImprovements, and makes upgrading FreeMarker a potentially breaking change. Also, this probably won't be allowed starting from 2.4.0. Instead, set incompatibleImprovements to the highest concrete version that's known to be compatible with your application.
17:37:02.016 [main] ERROR freemarker.configuration - Configuration.incompatibleImprovements was set to the object returned by Configuration.getVersion(). That defeats the purpose of incompatibleImprovements, and makes upgrading FreeMarker a potentially breaking change. Also, this probably won't be allowed starting from 2.4.0. Instead, set incompatibleImprovements to the highest concrete version that's known to be compatible with your application.
17:37:02.079 [main] ERROR freemarker.runtime - Error executing FreeMarker template
freemarker.core.InvalidReferenceException: The following has evaluated to null or missing:
==> tableName  [in template "template.ftlh" at line 20, column 18]

----
Tip: If the failing expression is known to legally refer to something that's sometimes null or missing, either specify a default value like myOptionalVar!myDefault, or use <#if myOptionalVar??>when-present<#else>when-missing</#if>. (These only cover the last step of the expression; to cover the whole expression, use parenthesis: (myOptionalVar.foo)!myDefault, (myOptionalVar.foo)??
----

----
FTL stack trace ("~" means nesting-related):
	- Failed at: ${tableName}  [in template "template.ftlh" at line 20, column 16]
----
	at freemarker.core.InvalidReferenceException.getInstance(InvalidReferenceException.java:134) ~[freemarker-2.3.31.jar:2.3.31]
	at freemarker.core.EvalUtil.coerceModelToTextualCommon(EvalUtil.java:481) ~[freemarker-2.3.31.jar:2.3.31]
	at freemarker.core.EvalUtil.coerceModelToStringOrMarkup(EvalUtil.java:401) ~[freemarker-2.3.31.jar:2.3.31]
	at freemarker.core.EvalUtil.coerceModelToStringOrMarkup(EvalUtil.java:370) ~[freemarker-2.3.31.jar:2.3.31]
	at freemarker.core.DollarVariable.calculateInterpolatedStringOrMarkup(DollarVariable.java:100) ~[freemarker-2.3.31.jar:2.3.31]
	at freemarker.core.DollarVariable.accept(DollarVariable.java:63) ~[freemarker-2.3.31.jar:2.3.31]
	at freemarker.core.Environment.visit(Environment.java:347) ~[freemarker-2.3.31.jar:2.3.31]
	at freemarker.core.Environment.visit(Environment.java:353) ~[freemarker-2.3.31.jar:2.3.31]
	at freemarker.core.Environment.process(Environment.java:326) ~[freemarker-2.3.31.jar:2.3.31]
	at freemarker.template.Template.process(Template.java:383) ~[freemarker-2.3.31.jar:2.3.31]
	at com.yunfei.toolmaker.ToolMakerApplicationTests.testTemplate(ToolMakerApplicationTests.java:146) ~[test-classes/:?]
	at sun.reflect.NativeMethodAccessorImpl.invoke0(Native Method) ~[?:1.8.0_381]
	at sun.reflect.NativeMethodAccessorImpl.invoke(NativeMethodAccessorImpl.java:62) ~[?:1.8.0_381]
	at sun.reflect.DelegatingMethodAccessorImpl.invoke(DelegatingMethodAccessorImpl.java:43) ~[?:1.8.0_381]
	at java.lang.reflect.Method.invoke(Method.java:498) ~[?:1.8.0_381]
	at org.junit.platform.commons.util.ReflectionUtils.invokeMethod(ReflectionUtils.java:688) ~[junit-platform-commons-1.7.2.jar:1.7.2]
	at org.junit.jupiter.engine.execution.MethodInvocation.proceed(MethodInvocation.java:60) ~[junit-jupiter-engine-5.7.2.jar:5.7.2]
	at org.junit.jupiter.engine.execution.InvocationInterceptorChain$ValidatingInvocation.proceed(InvocationInterceptorChain.java:131) ~[junit-jupiter-engine-5.7.2.jar:5.7.2]
	at org.junit.jupiter.engine.extension.TimeoutExtension.intercept(TimeoutExtension.java:149) ~[junit-jupiter-engine-5.7.2.jar:5.7.2]
	at org.junit.jupiter.engine.extension.TimeoutExtension.interceptTestableMethod(TimeoutExtension.java:140) ~[junit-jupiter-engine-5.7.2.jar:5.7.2]
	at org.junit.jupiter.engine.extension.TimeoutExtension.interceptTestMethod(TimeoutExtension.java:84) ~[junit-jupiter-engine-5.7.2.jar:5.7.2]
	at org.junit.jupiter.engine.execution.ExecutableInvoker$ReflectiveInterceptorCall.lambda$ofVoidMethod$0(ExecutableInvoker.java:115) ~[junit-jupiter-engine-5.7.2.jar:5.7.2]
	at org.junit.jupiter.engine.execution.ExecutableInvoker.lambda$invoke$0(ExecutableInvoker.java:105) ~[junit-jupiter-engine-5.7.2.jar:5.7.2]
	at org.junit.jupiter.engine.execution.InvocationInterceptorChain$InterceptedInvocation.proceed(InvocationInterceptorChain.java:106) ~[junit-jupiter-engine-5.7.2.jar:5.7.2]
	at org.junit.jupiter.engine.execution.InvocationInterceptorChain.proceed(InvocationInterceptorChain.java:64) ~[junit-jupiter-engine-5.7.2.jar:5.7.2]
	at org.junit.jupiter.engine.execution.InvocationInterceptorChain.chainAndInvoke(InvocationInterceptorChain.java:45) ~[junit-jupiter-engine-5.7.2.jar:5.7.2]
	at org.junit.jupiter.engine.execution.InvocationInterceptorChain.invoke(InvocationInterceptorChain.java:37) ~[junit-jupiter-engine-5.7.2.jar:5.7.2]
	at org.junit.jupiter.engine.execution.ExecutableInvoker.invoke(ExecutableInvoker.java:104) ~[junit-jupiter-engine-5.7.2.jar:5.7.2]
	at org.junit.jupiter.engine.execution.ExecutableInvoker.invoke(ExecutableInvoker.java:98) ~[junit-jupiter-engine-5.7.2.jar:5.7.2]
	at org.junit.jupiter.engine.descriptor.TestMethodTestDescriptor.lambda$invokeTestMethod$6(TestMethodTestDescriptor.java:210) ~[junit-jupiter-engine-5.7.2.jar:5.7.2]
	at org.junit.platform.engine.support.hierarchical.ThrowableCollector.execute(ThrowableCollector.java:73) ~[junit-platform-engine-1.7.2.jar:1.7.2]
	at org.junit.jupiter.engine.descriptor.TestMethodTestDescriptor.invokeTestMethod(TestMethodTestDescriptor.java:206) ~[junit-jupiter-engine-5.7.2.jar:5.7.2]
	at org.junit.jupiter.engine.descriptor.TestMethodTestDescriptor.execute(TestMethodTestDescriptor.java:131) ~[junit-jupiter-engine-5.7.2.jar:5.7.2]
	at org.junit.jupiter.engine.descriptor.TestMethodTestDescriptor.execute(TestMethodTestDescriptor.java:65) ~[junit-jupiter-engine-5.7.2.jar:5.7.2]
	at org.junit.platform.engine.support.hierarchical.NodeTestTask.lambda$executeRecursively$5(NodeTestTask.java:139) ~[junit-platform-engine-1.7.2.jar:1.7.2]
	at org.junit.platform.engine.support.hierarchical.ThrowableCollector.execute(ThrowableCollector.java:73) ~[junit-platform-engine-1.7.2.jar:1.7.2]
	at org.junit.platform.engine.support.hierarchical.NodeTestTask.lambda$executeRecursively$7(NodeTestTask.java:129) ~[junit-platform-engine-1.7.2.jar:1.7.2]
	at org.junit.platform.engine.support.hierarchical.Node.around(Node.java:137) ~[junit-platform-engine-1.7.2.jar:1.7.2]
	at org.junit.platform.engine.support.hierarchical.NodeTestTask.lambda$executeRecursively$8(NodeTestTask.java:127) ~[junit-platform-engine-1.7.2.jar:1.7.2]
	at org.junit.platform.engine.support.hierarchical.ThrowableCollector.execute(ThrowableCollector.java:73) ~[junit-platform-engine-1.7.2.jar:1.7.2]
	at org.junit.platform.engine.support.hierarchical.NodeTestTask.executeRecursively(NodeTestTask.java:126) ~[junit-platform-engine-1.7.2.jar:1.7.2]
	at org.junit.platform.engine.support.hierarchical.NodeTestTask.execute(NodeTestTask.java:84) ~[junit-platform-engine-1.7.2.jar:1.7.2]
	at java.util.ArrayList.forEach(ArrayList.java:1259) ~[?:1.8.0_381]
	at org.junit.platform.engine.support.hierarchical.SameThreadHierarchicalTestExecutorService.invokeAll(SameThreadHierarchicalTestExecutorService.java:38) ~[junit-platform-engine-1.7.2.jar:1.7.2]
	at org.junit.platform.engine.support.hierarchical.NodeTestTask.lambda$executeRecursively$5(NodeTestTask.java:143) ~[junit-platform-engine-1.7.2.jar:1.7.2]
	at org.junit.platform.engine.support.hierarchical.ThrowableCollector.execute(ThrowableCollector.java:73) ~[junit-platform-engine-1.7.2.jar:1.7.2]
	at org.junit.platform.engine.support.hierarchical.NodeTestTask.lambda$executeRecursively$7(NodeTestTask.java:129) ~[junit-platform-engine-1.7.2.jar:1.7.2]
	at org.junit.platform.engine.support.hierarchical.Node.around(Node.java:137) ~[junit-platform-engine-1.7.2.jar:1.7.2]
	at org.junit.platform.engine.support.hierarchical.NodeTestTask.lambda$executeRecursively$8(NodeTestTask.java:127) ~[junit-platform-engine-1.7.2.jar:1.7.2]
	at org.junit.platform.engine.support.hierarchical.ThrowableCollector.execute(ThrowableCollector.java:73) ~[junit-platform-engine-1.7.2.jar:1.7.2]
	at org.junit.platform.engine.support.hierarchical.NodeTestTask.executeRecursively(NodeTestTask.java:126) ~[junit-platform-engine-1.7.2.jar:1.7.2]
	at org.junit.platform.engine.support.hierarchical.NodeTestTask.execute(NodeTestTask.java:84) ~[junit-platform-engine-1.7.2.jar:1.7.2]
	at java.util.ArrayList.forEach(ArrayList.java:1259) ~[?:1.8.0_381]
	at org.junit.platform.engine.support.hierarchical.SameThreadHierarchicalTestExecutorService.invokeAll(SameThreadHierarchicalTestExecutorService.java:38) ~[junit-platform-engine-1.7.2.jar:1.7.2]
	at org.junit.platform.engine.support.hierarchical.NodeTestTask.lambda$executeRecursively$5(NodeTestTask.java:143) ~[junit-platform-engine-1.7.2.jar:1.7.2]
	at org.junit.platform.engine.support.hierarchical.ThrowableCollector.execute(ThrowableCollector.java:73) ~[junit-platform-engine-1.7.2.jar:1.7.2]
	at org.junit.platform.engine.support.hierarchical.NodeTestTask.lambda$executeRecursively$7(NodeTestTask.java:129) ~[junit-platform-engine-1.7.2.jar:1.7.2]
	at org.junit.platform.engine.support.hierarchical.Node.around(Node.java:137) ~[junit-platform-engine-1.7.2.jar:1.7.2]
	at org.junit.platform.engine.support.hierarchical.NodeTestTask.lambda$executeRecursively$8(NodeTestTask.java:127) ~[junit-platform-engine-1.7.2.jar:1.7.2]
	at org.junit.platform.engine.support.hierarchical.ThrowableCollector.execute(ThrowableCollector.java:73) ~[junit-platform-engine-1.7.2.jar:1.7.2]
	at org.junit.platform.engine.support.hierarchical.NodeTestTask.executeRecursively(NodeTestTask.java:126) ~[junit-platform-engine-1.7.2.jar:1.7.2]
	at org.junit.platform.engine.support.hierarchical.NodeTestTask.execute(NodeTestTask.java:84) ~[junit-platform-engine-1.7.2.jar:1.7.2]
	at org.junit.platform.engine.support.hierarchical.SameThreadHierarchicalTestExecutorService.submit(SameThreadHierarchicalTestExecutorService.java:32) ~[junit-platform-engine-1.7.2.jar:1.7.2]
	at org.junit.platform.engine.support.hierarchical.HierarchicalTestExecutor.execute(HierarchicalTestExecutor.java:57) ~[junit-platform-engine-1.7.2.jar:1.7.2]
	at org.junit.platform.engine.support.hierarchical.HierarchicalTestEngine.execute(HierarchicalTestEngine.java:51) ~[junit-platform-engine-1.7.2.jar:1.7.2]
	at org.junit.platform.launcher.core.EngineExecutionOrchestrator.execute(EngineExecutionOrchestrator.java:108) ~[junit-platform-launcher-1.7.2.jar:1.7.2]
	at org.junit.platform.launcher.core.EngineExecutionOrchestrator.execute(EngineExecutionOrchestrator.java:88) ~[junit-platform-launcher-1.7.2.jar:1.7.2]
	at org.junit.platform.launcher.core.EngineExecutionOrchestrator.lambda$execute$0(EngineExecutionOrchestrator.java:54) ~[junit-platform-launcher-1.7.2.jar:1.7.2]
	at org.junit.platform.launcher.core.EngineExecutionOrchestrator.withInterceptedStreams(EngineExecutionOrchestrator.java:67) [junit-platform-launcher-1.7.2.jar:1.7.2]
	at org.junit.platform.launcher.core.EngineExecutionOrchestrator.execute(EngineExecutionOrchestrator.java:52) [junit-platform-launcher-1.7.2.jar:1.7.2]
	at org.junit.platform.launcher.core.DefaultLauncher.execute(DefaultLauncher.java:96) [junit-platform-launcher-1.7.2.jar:1.7.2]
	at org.junit.platform.launcher.core.DefaultLauncher.execute(DefaultLauncher.java:75) [junit-platform-launcher-1.7.2.jar:1.7.2]
	at com.intellij.junit5.JUnit5IdeaTestRunner.startRunnerWithArgs(JUnit5IdeaTestRunner.java:57) [junit5-rt.jar:?]
	at com.intellij.rt.junit.IdeaTestRunner$Repeater$1.execute(IdeaTestRunner.java:38) [junit-rt.jar:?]
	at com.intellij.rt.execution.junit.TestsRepeater.repeat(TestsRepeater.java:11) [idea_rt.jar:?]
	at com.intellij.rt.junit.IdeaTestRunner$Repeater.startRunnerWithArgs(IdeaTestRunner.java:35) [junit-rt.jar:?]
	at com.intellij.rt.junit.JUnitStarter.prepareStreamsAndStart(JUnitStarter.java:232) [junit-rt.jar:?]
	at com.intellij.rt.junit.JUnitStarter.main(JUnitStarter.java:55) [junit-rt.jar:?]
17:39:01.860 [main] INFO  com.yunfei.toolmaker.ToolMakerApplicationTests - Starting ToolMakerApplicationTests using Java 1.8.0_381 on LAPTOP-RF57B291 with PID 1460 (started by 13615 in E:\onedrive-cache\OneDrive\Java学习\ToolMaker)
17:39:01.869 [main] INFO  com.yunfei.toolmaker.ToolMakerApplicationTests - No active profile set, falling back to default profiles: default
17:39:04.585 [pool-2-thread-1] INFO  com.yunfei.toolmaker.service.impl.TimedMsgServiceImpl - the key doesn't exist.
17:39:05.914 [main] INFO  com.yunfei.toolmaker.ToolMakerApplicationTests - Started ToolMakerApplicationTests in 4.445 seconds (JVM running for 5.854)
17:39:06.124 [main] ERROR freemarker.configuration - DefaultObjectWrapper.incompatibleImprovements was set to the object returned by Configuration.getVersion(). That defeats the purpose of incompatibleImprovements, and makes upgrading FreeMarker a potentially breaking change. Also, this probably won't be allowed starting from 2.4.0. Instead, set incompatibleImprovements to the highest concrete version that's known to be compatible with your application.
17:39:06.125 [main] ERROR freemarker.configuration - Configuration.incompatibleImprovements was set to the object returned by Configuration.getVersion(). That defeats the purpose of incompatibleImprovements, and makes upgrading FreeMarker a potentially breaking change. Also, this probably won't be allowed starting from 2.4.0. Instead, set incompatibleImprovements to the highest concrete version that's known to be compatible with your application.
17:43:24.921 [main] INFO  com.yunfei.toolmaker.ToolMakerApplicationTests - Starting ToolMakerApplicationTests using Java 1.8.0_381 on LAPTOP-RF57B291 with PID 14740 (started by 13615 in E:\onedrive-cache\OneDrive\Java学习\ToolMaker)
17:43:24.930 [main] INFO  com.yunfei.toolmaker.ToolMakerApplicationTests - No active profile set, falling back to default profiles: default
17:43:27.435 [pool-2-thread-1] INFO  com.yunfei.toolmaker.service.impl.TimedMsgServiceImpl - the key doesn't exist.
17:43:28.823 [main] INFO  com.yunfei.toolmaker.ToolMakerApplicationTests - Started ToolMakerApplicationTests in 4.304 seconds (JVM running for 5.704)
17:43:29.036 [main] ERROR freemarker.configuration - DefaultObjectWrapper.incompatibleImprovements was set to the object returned by Configuration.getVersion(). That defeats the purpose of incompatibleImprovements, and makes upgrading FreeMarker a potentially breaking change. Also, this probably won't be allowed starting from 2.4.0. Instead, set incompatibleImprovements to the highest concrete version that's known to be compatible with your application.
17:43:29.037 [main] ERROR freemarker.configuration - Configuration.incompatibleImprovements was set to the object returned by Configuration.getVersion(). That defeats the purpose of incompatibleImprovements, and makes upgrading FreeMarker a potentially breaking change. Also, this probably won't be allowed starting from 2.4.0. Instead, set incompatibleImprovements to the highest concrete version that's known to be compatible with your application.
17:48:11.564 [main] INFO  com.yunfei.toolmaker.ToolMakerApplicationTests - Starting ToolMakerApplicationTests using Java 1.8.0_381 on LAPTOP-RF57B291 with PID 21860 (started by 13615 in E:\onedrive-cache\OneDrive\Java学习\ToolMaker)
17:48:11.576 [main] INFO  com.yunfei.toolmaker.ToolMakerApplicationTests - No active profile set, falling back to default profiles: default
17:48:14.590 [pool-2-thread-1] INFO  com.yunfei.toolmaker.service.impl.TimedMsgServiceImpl - the key doesn't exist.
17:48:15.947 [main] INFO  com.yunfei.toolmaker.ToolMakerApplicationTests - Started ToolMakerApplicationTests in 4.855 seconds (JVM running for 6.316)
17:48:16.155 [main] ERROR freemarker.configuration - DefaultObjectWrapper.incompatibleImprovements was set to the object returned by Configuration.getVersion(). That defeats the purpose of incompatibleImprovements, and makes upgrading FreeMarker a potentially breaking change. Also, this probably won't be allowed starting from 2.4.0. Instead, set incompatibleImprovements to the highest concrete version that's known to be compatible with your application.
17:48:16.156 [main] ERROR freemarker.configuration - Configuration.incompatibleImprovements was set to the object returned by Configuration.getVersion(). That defeats the purpose of incompatibleImprovements, and makes upgrading FreeMarker a potentially breaking change. Also, this probably won't be allowed starting from 2.4.0. Instead, set incompatibleImprovements to the highest concrete version that's known to be compatible with your application.
